[0.115s] Invoking command in '/home/rasp/ros2_ws/build/hoverboard_driver': CMAKE_PREFIX_PATH=${CMAKE_PREFIX_PATH}:/opt/ros/humble /usr/bin/cmake --build /home/rasp/ros2_ws/build/hoverboard_driver -- -j4 -l4
[0.446s] [100%] Built target hoverboard_driver
[0.493s] Invoked command in '/home/rasp/ros2_ws/build/hoverboard_driver' returned '0': CMAKE_PREFIX_PATH=${CMAKE_PREFIX_PATH}:/opt/ros/humble /usr/bin/cmake --build /home/rasp/ros2_ws/build/hoverboard_driver -- -j4 -l4
[0.541s] Invoking command in '/home/rasp/ros2_ws/build/hoverboard_driver': CMAKE_PREFIX_PATH=${CMAKE_PREFIX_PATH}:/opt/ros/humble /usr/bin/cmake --install /home/rasp/ros2_ws/build/hoverboard_driver
[0.573s] -- Install configuration: ""
[0.576s] -- Execute custom install script
[0.578s] -- Up-to-date symlink: /home/rasp/ros2_ws/install/hoverboard_driver/share/hoverboard_driver//hoverboard_driver.xml
[0.580s] -- Up-to-date symlink: /home/rasp/ros2_ws/install/hoverboard_driver/include/hoverboard_driver/hoverboard_driver/config.hpp
[0.581s] -- Up-to-date symlink: /home/rasp/ros2_ws/install/hoverboard_driver/include/hoverboard_driver/hoverboard_driver/hoverboard_driver.hpp
[0.582s] -- Up-to-date symlink: /home/rasp/ros2_ws/install/hoverboard_driver/include/hoverboard_driver/hoverboard_driver/pid.hpp
[0.583s] -- Up-to-date symlink: /home/rasp/ros2_ws/install/hoverboard_driver/include/hoverboard_driver/hoverboard_driver/protocol.hpp
[0.585s] -- Up-to-date symlink: /home/rasp/ros2_ws/install/hoverboard_driver/share/hoverboard_driver/launch/view_robot.launch.py
[0.586s] -- Up-to-date symlink: /home/rasp/ros2_ws/install/hoverboard_driver/share/hoverboard_driver/ros2_control/hoverboard_driver.ros2_control.xacro
[0.588s] -- Up-to-date symlink: /home/rasp/ros2_ws/install/hoverboard_driver/share/hoverboard_driver/urdf/diffbot.materials.xacro
[0.589s] -- Up-to-date symlink: /home/rasp/ros2_ws/install/hoverboard_driver/share/hoverboard_driver/urdf/diffbot.urdf.xacro
[0.591s] -- Up-to-date symlink: /home/rasp/ros2_ws/install/hoverboard_driver/share/hoverboard_driver/urdf/diffbot_description.urdf.xacro
[0.593s] -- Up-to-date symlink: /home/rasp/ros2_ws/install/hoverboard_driver/share/hoverboard_driver/launch/diffbot.launch.py
[0.595s] -- Up-to-date symlink: /home/rasp/ros2_ws/install/hoverboard_driver/share/hoverboard_driver/config/hoverboard_controllers.yaml
[0.596s] -- Up-to-date symlink: /home/rasp/ros2_ws/install/hoverboard_driver/share/hoverboard_driver/environment/library_path.sh
[0.597s] -- Up-to-date symlink: /home/rasp/ros2_ws/install/hoverboard_driver/share/hoverboard_driver/environment/library_path.dsv
[0.599s] -- Up-to-date symlink: /home/rasp/ros2_ws/install/hoverboard_driver/share/ament_index/resource_index/package_run_dependencies/hoverboard_driver
[0.601s] -- Up-to-date symlink: /home/rasp/ros2_ws/install/hoverboard_driver/share/ament_index/resource_index/parent_prefix_path/hoverboard_driver
[0.603s] -- Up-to-date symlink: /home/rasp/ros2_ws/install/hoverboard_driver/share/hoverboard_driver/environment/ament_prefix_path.sh
[0.604s] -- Up-to-date symlink: /home/rasp/ros2_ws/install/hoverboard_driver/share/hoverboard_driver/environment/ament_prefix_path.dsv
[0.605s] -- Up-to-date symlink: /home/rasp/ros2_ws/install/hoverboard_driver/share/hoverboard_driver/environment/path.sh
[0.606s] -- Up-to-date symlink: /home/rasp/ros2_ws/install/hoverboard_driver/share/hoverboard_driver/environment/path.dsv
[0.607s] -- Up-to-date symlink: /home/rasp/ros2_ws/install/hoverboard_driver/share/hoverboard_driver/local_setup.bash
[0.609s] -- Up-to-date symlink: /home/rasp/ros2_ws/install/hoverboard_driver/share/hoverboard_driver/local_setup.sh
[0.610s] -- Up-to-date symlink: /home/rasp/ros2_ws/install/hoverboard_driver/share/hoverboard_driver/local_setup.zsh
[0.611s] -- Up-to-date symlink: /home/rasp/ros2_ws/install/hoverboard_driver/share/hoverboard_driver/local_setup.dsv
[0.613s] -- Symlinking: /home/rasp/ros2_ws/install/hoverboard_driver/share/hoverboard_driver/package.dsv
[0.653s] -- Up-to-date symlink: /home/rasp/ros2_ws/install/hoverboard_driver/share/ament_index/resource_index/packages/hoverboard_driver
[0.654s] -- Up-to-date symlink: /home/rasp/ros2_ws/install/hoverboard_driver/share/ament_index/resource_index/hardware_interface__pluginlib__plugin/hoverboard_driver
[0.655s] -- Up-to-date symlink: /home/rasp/ros2_ws/install/hoverboard_driver/share/hoverboard_driver/cmake/ament_cmake_export_targets-extras.cmake
[0.657s] -- Up-to-date symlink: /home/rasp/ros2_ws/install/hoverboard_driver/share/hoverboard_driver/cmake/ament_cmake_export_dependencies-extras.cmake
[0.658s] -- Up-to-date symlink: /home/rasp/ros2_ws/install/hoverboard_driver/share/hoverboard_driver/cmake/hoverboard_driverConfig.cmake
[0.659s] -- Up-to-date symlink: /home/rasp/ros2_ws/install/hoverboard_driver/share/hoverboard_driver/cmake/hoverboard_driverConfig-version.cmake
[0.660s] -- Up-to-date symlink: /home/rasp/ros2_ws/install/hoverboard_driver/share/hoverboard_driver/package.xml
[0.661s] -- Up-to-date: /home/rasp/ros2_ws/install/hoverboard_driver/lib/libhoverboard_driver.so
[0.663s] -- Up-to-date: /home/rasp/ros2_ws/install/hoverboard_driver/share/hoverboard_driver/cmake/export_hoverboard_driverExport.cmake
[0.664s] -- Up-to-date: /home/rasp/ros2_ws/install/hoverboard_driver/share/hoverboard_driver/cmake/export_hoverboard_driverExport-noconfig.cmake
[0.672s] Invoked command in '/home/rasp/ros2_ws/build/hoverboard_driver' returned '0': CMAKE_PREFIX_PATH=${CMAKE_PREFIX_PATH}:/opt/ros/humble /usr/bin/cmake --install /home/rasp/ros2_ws/build/hoverboard_driver
