[0.567s] DEBUG:colcon:Command line arguments: ['/home/rasp/.local/bin/colcon', 'build']
[0.568s] DEBUG:colcon:Parsed command line arguments: Namespace(log_base=None, log_level=None, verb_name='build', build_base='build', install_base='install', merge_install=False, symlink_install=False, test_result_base=None, continue_on_error=False, executor='parallel', parallel_workers=4, event_handlers=None, ignore_user_meta=False, metas=['./colcon.meta'], base_paths=['.'], packages_ignore=None, packages_ignore_regex=None, paths=None, packages_up_to=None, packages_up_to_regex=None, packages_above=None, packages_above_and_dependencies=None, packages_above_depth=None, packages_select_by_dep=None, packages_skip_by_dep=None, packages_skip_up_to=None, packages_select_build_failed=False, packages_skip_build_finished=False, packages_select_test_failures=False, packages_skip_test_passed=False, packages_select=None, packages_skip=None, packages_select_regex=None, packages_skip_regex=None, packages_start=None, packages_end=None, cmake_args=None, cmake_target=None, cmake_target_skip_unavailable=False, cmake_clean_cache=False, cmake_clean_first=False, cmake_force_configure=False, ament_cmake_args=None, catkin_cmake_args=None, catkin_skip_building_tests=False, verb_parser=<colcon_defaults.argument_parser.defaults.DefaultArgumentsDecorator object at 0xffff8c476e30>, verb_extension=<colcon_core.verb.build.BuildVerb object at 0xffff8c3b8280>, main=<bound method BuildVerb.main of <colcon_core.verb.build.BuildVerb object at 0xffff8c3b8280>>)
[0.788s] Level 1:colcon.colcon_core.package_discovery:discover_packages(colcon_meta) check parameters
[0.789s] Level 1:colcon.colcon_core.package_discovery:discover_packages(recursive) check parameters
[0.797s] Level 1:colcon.colcon_core.package_discovery:discover_packages(ignore) check parameters
[0.797s] Level 1:colcon.colcon_core.package_discovery:discover_packages(path) check parameters
[0.797s] Level 1:colcon.colcon_core.package_discovery:discover_packages(colcon_meta) discover
[0.797s] Level 1:colcon.colcon_core.package_discovery:discover_packages(recursive) discover
[0.797s] INFO:colcon.colcon_core.package_discovery:Crawling recursively for packages in '/home/rasp/ros2_ws'
[0.798s] Level 1:colcon.colcon_core.package_identification:_identify(.) by extensions ['ignore', 'ignore_ament_install']
[0.798s] Level 1:colcon.colcon_core.package_identification:_identify(.) by extension 'ignore'
[0.799s] Level 1:colcon.colcon_core.package_identification:_identify(.) by extension 'ignore_ament_install'
[0.799s] Level 1:colcon.colcon_core.package_identification:_identify(.) by extensions ['colcon_pkg']
[0.799s] Level 1:colcon.colcon_core.package_identification:_identify(.) by extension 'colcon_pkg'
[0.800s] Level 1:colcon.colcon_core.package_identification:_identify(.) by extensions ['colcon_meta']
[0.800s] Level 1:colcon.colcon_core.package_identification:_identify(.) by extension 'colcon_meta'
[0.800s] Level 1:colcon.colcon_core.package_identification:_identify(.) by extensions ['ros']
[0.800s] Level 1:colcon.colcon_core.package_identification:_identify(.) by extension 'ros'
[0.818s] Level 1:colcon.colcon_core.package_identification:_identify(.) by extensions ['cmake', 'python']
[0.819s] Level 1:colcon.colcon_core.package_identification:_identify(.) by extension 'cmake'
[0.819s] Level 1:colcon.colcon_core.package_identification:_identify(.) by extension 'python'
[0.819s] Level 1:colcon.colcon_core.package_identification:_identify(.) by extensions ['python_setup_py']
[0.819s] Level 1:colcon.colcon_core.package_identification:_identify(.) by extension 'python_setup_py'
[0.820s] Level 1:colcon.colcon_core.package_identification:_identify(build) by extensions ['ignore', 'ignore_ament_install']
[0.820s] Level 1:colcon.colcon_core.package_identification:_identify(build) by extension 'ignore'
[0.820s] Level 1:colcon.colcon_core.package_identification:_identify(build) ignored
[0.821s] Level 1:colcon.colcon_core.package_identification:_identify(install) by extensions ['ignore', 'ignore_ament_install']
[0.821s] Level 1:colcon.colcon_core.package_identification:_identify(install) by extension 'ignore'
[0.821s] Level 1:colcon.colcon_core.package_identification:_identify(install) ignored
[0.822s] Level 1:colcon.colcon_core.package_identification:_identify(log) by extensions ['ignore', 'ignore_ament_install']
[0.822s] Level 1:colcon.colcon_core.package_identification:_identify(log) by extension 'ignore'
[0.822s] Level 1:colcon.colcon_core.package_identification:_identify(log) ignored
[0.823s] Level 1:colcon.colcon_core.package_identification:_identify(src) by extensions ['ignore', 'ignore_ament_install']
[0.823s] Level 1:colcon.colcon_core.package_identification:_identify(src) by extension 'ignore'
[0.823s] Level 1:colcon.colcon_core.package_identification:_identify(src) by extension 'ignore_ament_install'
[0.824s] Level 1:colcon.colcon_core.package_identification:_identify(src) by extensions ['colcon_pkg']
[0.824s] Level 1:colcon.colcon_core.package_identification:_identify(src) by extension 'colcon_pkg'
[0.824s] Level 1:colcon.colcon_core.package_identification:_identify(src) by extensions ['colcon_meta']
[0.824s] Level 1:colcon.colcon_core.package_identification:_identify(src) by extension 'colcon_meta'
[0.824s] Level 1:colcon.colcon_core.package_identification:_identify(src) by extensions ['ros']
[0.824s] Level 1:colcon.colcon_core.package_identification:_identify(src) by extension 'ros'
[0.825s] Level 1:colcon.colcon_core.package_identification:_identify(src) by extensions ['cmake', 'python']
[0.825s] Level 1:colcon.colcon_core.package_identification:_identify(src) by extension 'cmake'
[0.825s] Level 1:colcon.colcon_core.package_identification:_identify(src) by extension 'python'
[0.825s] Level 1:colcon.colcon_core.package_identification:_identify(src) by extensions ['python_setup_py']
[0.825s] Level 1:colcon.colcon_core.package_identification:_identify(src) by extension 'python_setup_py'
[0.826s] Level 1:colcon.colcon_core.package_identification:_identify(src/hoverboard-driver-humble) by extensions ['ignore', 'ignore_ament_install']
[0.826s] Level 1:colcon.colcon_core.package_identification:_identify(src/hoverboard-driver-humble) by extension 'ignore'
[0.826s] Level 1:colcon.colcon_core.package_identification:_identify(src/hoverboard-driver-humble) by extension 'ignore_ament_install'
[0.827s] Level 1:colcon.colcon_core.package_identification:_identify(src/hoverboard-driver-humble) by extensions ['colcon_pkg']
[0.827s] Level 1:colcon.colcon_core.package_identification:_identify(src/hoverboard-driver-humble) by extension 'colcon_pkg'
[0.827s] Level 1:colcon.colcon_core.package_identification:_identify(src/hoverboard-driver-humble) by extensions ['colcon_meta']
[0.827s] Level 1:colcon.colcon_core.package_identification:_identify(src/hoverboard-driver-humble) by extension 'colcon_meta'
[0.827s] Level 1:colcon.colcon_core.package_identification:_identify(src/hoverboard-driver-humble) by extensions ['ros']
[0.827s] Level 1:colcon.colcon_core.package_identification:_identify(src/hoverboard-driver-humble) by extension 'ros'
[0.838s] DEBUG:colcon.colcon_core.package_identification:Package 'src/hoverboard-driver-humble' with type 'ros.ament_cmake' and name 'hoverboard_driver'
[0.838s] Level 1:colcon.colcon_core.package_discovery:discover_packages(recursive) using defaults
[0.838s] Level 1:colcon.colcon_core.package_discovery:discover_packages(ignore) discover
[0.838s] Level 1:colcon.colcon_core.package_discovery:discover_packages(ignore) using defaults
[0.838s] Level 1:colcon.colcon_core.package_discovery:discover_packages(path) discover
[0.839s] Level 1:colcon.colcon_core.package_discovery:discover_packages(path) using defaults
[0.919s] Level 5:colcon.colcon_core.verb:set package 'hoverboard_driver' build argument 'cmake_args' from command line to 'None'
[0.919s] Level 5:colcon.colcon_core.verb:set package 'hoverboard_driver' build argument 'cmake_target' from command line to 'None'
[0.919s] Level 5:colcon.colcon_core.verb:set package 'hoverboard_driver' build argument 'cmake_target_skip_unavailable' from command line to 'False'
[0.920s] Level 5:colcon.colcon_core.verb:set package 'hoverboard_driver' build argument 'cmake_clean_cache' from command line to 'False'
[0.920s] Level 5:colcon.colcon_core.verb:set package 'hoverboard_driver' build argument 'cmake_clean_first' from command line to 'False'
[0.920s] Level 5:colcon.colcon_core.verb:set package 'hoverboard_driver' build argument 'cmake_force_configure' from command line to 'False'
[0.920s] Level 5:colcon.colcon_core.verb:set package 'hoverboard_driver' build argument 'ament_cmake_args' from command line to 'None'
[0.920s] Level 5:colcon.colcon_core.verb:set package 'hoverboard_driver' build argument 'catkin_cmake_args' from command line to 'None'
[0.920s] Level 5:colcon.colcon_core.verb:set package 'hoverboard_driver' build argument 'catkin_skip_building_tests' from command line to 'False'
[0.920s] DEBUG:colcon.colcon_core.verb:Building package 'hoverboard_driver' with the following arguments: {'ament_cmake_args': None, 'build_base': '/home/rasp/ros2_ws/build/hoverboard_driver', 'catkin_cmake_args': None, 'catkin_skip_building_tests': False, 'cmake_args': None, 'cmake_clean_cache': False, 'cmake_clean_first': False, 'cmake_force_configure': False, 'cmake_target': None, 'cmake_target_skip_unavailable': False, 'install_base': '/home/rasp/ros2_ws/install/hoverboard_driver', 'merge_install': False, 'path': '/home/rasp/ros2_ws/src/hoverboard-driver-humble', 'symlink_install': False, 'test_result_base': None}
[0.921s] INFO:colcon.colcon_core.executor:Executing jobs using 'parallel' executor
[0.925s] DEBUG:colcon.colcon_parallel_executor.executor.parallel:run_until_complete
[0.926s] INFO:colcon.colcon_ros.task.ament_cmake.build:Building ROS package in '/home/rasp/ros2_ws/src/hoverboard-driver-humble' with build type 'ament_cmake'
[0.926s] INFO:colcon.colcon_cmake.task.cmake.build:Building CMake package in '/home/rasp/ros2_ws/src/hoverboard-driver-humble'
[0.935s] INFO:colcon.colcon_core.plugin_system:Skipping extension 'colcon_core.shell.bat': Not used on non-Windows systems
[0.936s] INFO:colcon.colcon_core.shell:Skip shell extension 'powershell' for command environment: Not usable outside of PowerShell
[0.936s] DEBUG:colcon.colcon_core.shell:Skip shell extension 'dsv' for command environment
[0.985s] DEBUG:colcon.colcon_core.event_handler.log_command:Invoking command in '/home/rasp/ros2_ws/build/hoverboard_driver': CMAKE_PREFIX_PATH=/opt/ros/humble /usr/bin/cmake /home/rasp/ros2_ws/src/hoverboard-driver-humble -DCMAKE_INSTALL_PREFIX=/home/rasp/ros2_ws/install/hoverboard_driver
[10.501s] DEBUG:colcon.colcon_core.event_handler.log_command:Invoked command in '/home/rasp/ros2_ws/build/hoverboard_driver' returned '0': CMAKE_PREFIX_PATH=/opt/ros/humble /usr/bin/cmake /home/rasp/ros2_ws/src/hoverboard-driver-humble -DCMAKE_INSTALL_PREFIX=/home/rasp/ros2_ws/install/hoverboard_driver
[10.512s] DEBUG:colcon.colcon_core.event_handler.log_command:Invoking command in '/home/rasp/ros2_ws/build/hoverboard_driver': CMAKE_PREFIX_PATH=/opt/ros/humble /usr/bin/cmake --build /home/rasp/ros2_ws/build/hoverboard_driver -- -j4 -l4
[44.788s] DEBUG:colcon.colcon_core.event_handler.log_command:Invoked command in '/home/rasp/ros2_ws/build/hoverboard_driver' returned '0': CMAKE_PREFIX_PATH=/opt/ros/humble /usr/bin/cmake --build /home/rasp/ros2_ws/build/hoverboard_driver -- -j4 -l4
[44.834s] DEBUG:colcon.colcon_core.event_handler.log_command:Invoking command in '/home/rasp/ros2_ws/build/hoverboard_driver': CMAKE_PREFIX_PATH=/opt/ros/humble /usr/bin/cmake --install /home/rasp/ros2_ws/build/hoverboard_driver
[44.965s] Level 1:colcon.colcon_core.environment:create_environment_scripts_only(hoverboard_driver)
[44.967s] DEBUG:colcon.colcon_core.event_handler.log_command:Invoked command in '/home/rasp/ros2_ws/build/hoverboard_driver' returned '0': CMAKE_PREFIX_PATH=/opt/ros/humble /usr/bin/cmake --install /home/rasp/ros2_ws/build/hoverboard_driver
[44.980s] Level 1:colcon.colcon_core.environment:checking '/home/rasp/ros2_ws/install/hoverboard_driver' for CMake module files
[44.983s] Level 1:colcon.colcon_core.environment:checking '/home/rasp/ros2_ws/install/hoverboard_driver' for CMake config files
[44.987s] Level 1:colcon.colcon_core.shell:create_environment_hook('hoverboard_driver', 'cmake_prefix_path')
[44.988s] INFO:colcon.colcon_core.shell:Creating environment hook '/home/rasp/ros2_ws/install/hoverboard_driver/share/hoverboard_driver/hook/cmake_prefix_path.ps1'
[44.991s] INFO:colcon.colcon_core.shell:Creating environment descriptor '/home/rasp/ros2_ws/install/hoverboard_driver/share/hoverboard_driver/hook/cmake_prefix_path.dsv'
[44.993s] INFO:colcon.colcon_core.shell:Creating environment hook '/home/rasp/ros2_ws/install/hoverboard_driver/share/hoverboard_driver/hook/cmake_prefix_path.sh'
[44.997s] Level 1:colcon.colcon_core.environment:checking '/home/rasp/ros2_ws/install/hoverboard_driver/lib'
[44.997s] Level 1:colcon.colcon_core.shell:create_environment_hook('hoverboard_driver', 'ld_library_path_lib')
[44.998s] INFO:colcon.colcon_core.shell:Creating environment hook '/home/rasp/ros2_ws/install/hoverboard_driver/share/hoverboard_driver/hook/ld_library_path_lib.ps1'
[45.001s] INFO:colcon.colcon_core.shell:Creating environment descriptor '/home/rasp/ros2_ws/install/hoverboard_driver/share/hoverboard_driver/hook/ld_library_path_lib.dsv'
[45.002s] INFO:colcon.colcon_core.shell:Creating environment hook '/home/rasp/ros2_ws/install/hoverboard_driver/share/hoverboard_driver/hook/ld_library_path_lib.sh'
[45.004s] Level 1:colcon.colcon_core.environment:checking '/home/rasp/ros2_ws/install/hoverboard_driver/bin'
[45.004s] Level 1:colcon.colcon_core.environment:checking '/home/rasp/ros2_ws/install/hoverboard_driver/lib/pkgconfig/hoverboard_driver.pc'
[45.012s] Level 1:colcon.colcon_core.environment:checking '/home/rasp/ros2_ws/install/hoverboard_driver/lib/python3.10/site-packages'
[45.013s] Level 1:colcon.colcon_core.environment:checking '/home/rasp/ros2_ws/install/hoverboard_driver/bin'
[45.014s] INFO:colcon.colcon_core.shell:Creating package script '/home/rasp/ros2_ws/install/hoverboard_driver/share/hoverboard_driver/package.ps1'
[45.018s] INFO:colcon.colcon_core.shell:Creating package descriptor '/home/rasp/ros2_ws/install/hoverboard_driver/share/hoverboard_driver/package.dsv'
[45.021s] INFO:colcon.colcon_core.shell:Creating package script '/home/rasp/ros2_ws/install/hoverboard_driver/share/hoverboard_driver/package.sh'
[45.024s] INFO:colcon.colcon_core.shell:Creating package script '/home/rasp/ros2_ws/install/hoverboard_driver/share/hoverboard_driver/package.bash'
[45.027s] INFO:colcon.colcon_core.shell:Creating package script '/home/rasp/ros2_ws/install/hoverboard_driver/share/hoverboard_driver/package.zsh'
[45.030s] Level 1:colcon.colcon_core.environment:create_file_with_runtime_dependencies(/home/rasp/ros2_ws/install/hoverboard_driver/share/colcon-core/packages/hoverboard_driver)
[45.034s] Level 1:colcon.colcon_core.environment:create_environment_scripts_only(hoverboard_driver)
[45.036s] Level 1:colcon.colcon_core.environment:checking '/home/rasp/ros2_ws/install/hoverboard_driver' for CMake module files
[45.039s] Level 1:colcon.colcon_core.environment:checking '/home/rasp/ros2_ws/install/hoverboard_driver' for CMake config files
[45.043s] Level 1:colcon.colcon_core.shell:create_environment_hook('hoverboard_driver', 'cmake_prefix_path')
[45.044s] INFO:colcon.colcon_core.shell:Creating environment hook '/home/rasp/ros2_ws/install/hoverboard_driver/share/hoverboard_driver/hook/cmake_prefix_path.ps1'
[45.047s] INFO:colcon.colcon_core.shell:Creating environment descriptor '/home/rasp/ros2_ws/install/hoverboard_driver/share/hoverboard_driver/hook/cmake_prefix_path.dsv'
[45.048s] INFO:colcon.colcon_core.shell:Creating environment hook '/home/rasp/ros2_ws/install/hoverboard_driver/share/hoverboard_driver/hook/cmake_prefix_path.sh'
[45.051s] Level 1:colcon.colcon_core.environment:checking '/home/rasp/ros2_ws/install/hoverboard_driver/lib'
[45.052s] Level 1:colcon.colcon_core.shell:create_environment_hook('hoverboard_driver', 'ld_library_path_lib')
[45.053s] INFO:colcon.colcon_core.shell:Creating environment hook '/home/rasp/ros2_ws/install/hoverboard_driver/share/hoverboard_driver/hook/ld_library_path_lib.ps1'
[45.055s] INFO:colcon.colcon_core.shell:Creating environment descriptor '/home/rasp/ros2_ws/install/hoverboard_driver/share/hoverboard_driver/hook/ld_library_path_lib.dsv'
[45.057s] INFO:colcon.colcon_core.shell:Creating environment hook '/home/rasp/ros2_ws/install/hoverboard_driver/share/hoverboard_driver/hook/ld_library_path_lib.sh'
[45.059s] Level 1:colcon.colcon_core.environment:checking '/home/rasp/ros2_ws/install/hoverboard_driver/bin'
[45.059s] Level 1:colcon.colcon_core.environment:checking '/home/rasp/ros2_ws/install/hoverboard_driver/lib/pkgconfig/hoverboard_driver.pc'
[45.060s] Level 1:colcon.colcon_core.environment:checking '/home/rasp/ros2_ws/install/hoverboard_driver/lib/python3.10/site-packages'
[45.061s] Level 1:colcon.colcon_core.environment:checking '/home/rasp/ros2_ws/install/hoverboard_driver/bin'
[45.062s] INFO:colcon.colcon_core.shell:Creating package script '/home/rasp/ros2_ws/install/hoverboard_driver/share/hoverboard_driver/package.ps1'
[45.065s] INFO:colcon.colcon_core.shell:Creating package descriptor '/home/rasp/ros2_ws/install/hoverboard_driver/share/hoverboard_driver/package.dsv'
[45.067s] INFO:colcon.colcon_core.shell:Creating package script '/home/rasp/ros2_ws/install/hoverboard_driver/share/hoverboard_driver/package.sh'
[45.069s] INFO:colcon.colcon_core.shell:Creating package script '/home/rasp/ros2_ws/install/hoverboard_driver/share/hoverboard_driver/package.bash'
[45.072s] INFO:colcon.colcon_core.shell:Creating package script '/home/rasp/ros2_ws/install/hoverboard_driver/share/hoverboard_driver/package.zsh'
[45.074s] Level 1:colcon.colcon_core.environment:create_file_with_runtime_dependencies(/home/rasp/ros2_ws/install/hoverboard_driver/share/colcon-core/packages/hoverboard_driver)
[45.075s] DEBUG:colcon.colcon_parallel_executor.executor.parallel:closing loop
[45.076s] DEBUG:colcon.colcon_parallel_executor.executor.parallel:loop closed
[45.077s] DEBUG:colcon.colcon_parallel_executor.executor.parallel:run_until_complete finished with '0'
[45.077s] DEBUG:colcon.colcon_core.event_reactor:joining thread
[45.101s] INFO:colcon.colcon_core.plugin_system:Skipping extension 'colcon_notification.desktop_notification.terminal_notifier': Not used on non-Darwin systems
[45.102s] INFO:colcon.colcon_core.plugin_system:Skipping extension 'colcon_notification.desktop_notification.win32': Not used on non-Windows systems
[45.102s] INFO:colcon.colcon_notification.desktop_notification:Sending desktop notification using 'notify2'
[45.165s] DEBUG:colcon.colcon_core.event_reactor:joined thread
[45.166s] INFO:colcon.colcon_core.shell:Creating prefix script '/home/rasp/ros2_ws/install/local_setup.ps1'
[45.171s] INFO:colcon.colcon_core.shell:Creating prefix util module '/home/rasp/ros2_ws/install/_local_setup_util_ps1.py'
[45.178s] INFO:colcon.colcon_core.shell:Creating prefix chain script '/home/rasp/ros2_ws/install/setup.ps1'
[45.184s] INFO:colcon.colcon_core.shell:Creating prefix script '/home/rasp/ros2_ws/install/local_setup.sh'
[45.187s] INFO:colcon.colcon_core.shell:Creating prefix util module '/home/rasp/ros2_ws/install/_local_setup_util_sh.py'
[45.190s] INFO:colcon.colcon_core.shell:Creating prefix chain script '/home/rasp/ros2_ws/install/setup.sh'
[45.196s] INFO:colcon.colcon_core.shell:Creating prefix script '/home/rasp/ros2_ws/install/local_setup.bash'
[45.199s] INFO:colcon.colcon_core.shell:Creating prefix chain script '/home/rasp/ros2_ws/install/setup.bash'
[45.203s] INFO:colcon.colcon_core.shell:Creating prefix script '/home/rasp/ros2_ws/install/local_setup.zsh'
[45.206s] INFO:colcon.colcon_core.shell:Creating prefix chain script '/home/rasp/ros2_ws/install/setup.zsh'
