[100%] Built target hoverboard_driver
-- Install configuration: ""
-- Execute custom install script
-- Up-to-date symlink: /home/rasp/ros2_ws/install/hoverboard_driver/share/hoverboard_driver//hoverboard_driver.xml
-- Up-to-date symlink: /home/rasp/ros2_ws/install/hoverboard_driver/include/hoverboard_driver/hoverboard_driver/config.hpp
-- Up-to-date symlink: /home/rasp/ros2_ws/install/hoverboard_driver/include/hoverboard_driver/hoverboard_driver/hoverboard_driver.hpp
-- Up-to-date symlink: /home/rasp/ros2_ws/install/hoverboard_driver/include/hoverboard_driver/hoverboard_driver/pid.hpp
-- Up-to-date symlink: /home/rasp/ros2_ws/install/hoverboard_driver/include/hoverboard_driver/hoverboard_driver/protocol.hpp
-- Up-to-date symlink: /home/rasp/ros2_ws/install/hoverboard_driver/share/hoverboard_driver/launch/view_robot.launch.py
-- Up-to-date symlink: /home/rasp/ros2_ws/install/hoverboard_driver/share/hoverboard_driver/ros2_control/hoverboard_driver.ros2_control.xacro
-- Up-to-date symlink: /home/rasp/ros2_ws/install/hoverboard_driver/share/hoverboard_driver/urdf/diffbot.materials.xacro
-- Up-to-date symlink: /home/rasp/ros2_ws/install/hoverboard_driver/share/hoverboard_driver/urdf/diffbot.urdf.xacro
-- Up-to-date symlink: /home/rasp/ros2_ws/install/hoverboard_driver/share/hoverboard_driver/urdf/diffbot_description.urdf.xacro
-- Up-to-date symlink: /home/rasp/ros2_ws/install/hoverboard_driver/share/hoverboard_driver/launch/diffbot.launch.py
-- Up-to-date symlink: /home/rasp/ros2_ws/install/hoverboard_driver/share/hoverboard_driver/config/hoverboard_controllers.yaml
-- Up-to-date symlink: /home/rasp/ros2_ws/install/hoverboard_driver/share/hoverboard_driver/environment/library_path.sh
-- Up-to-date symlink: /home/rasp/ros2_ws/install/hoverboard_driver/share/hoverboard_driver/environment/library_path.dsv
-- Up-to-date symlink: /home/rasp/ros2_ws/install/hoverboard_driver/share/ament_index/resource_index/package_run_dependencies/hoverboard_driver
-- Up-to-date symlink: /home/rasp/ros2_ws/install/hoverboard_driver/share/ament_index/resource_index/parent_prefix_path/hoverboard_driver
-- Up-to-date symlink: /home/rasp/ros2_ws/install/hoverboard_driver/share/hoverboard_driver/environment/ament_prefix_path.sh
-- Up-to-date symlink: /home/rasp/ros2_ws/install/hoverboard_driver/share/hoverboard_driver/environment/ament_prefix_path.dsv
-- Up-to-date symlink: /home/rasp/ros2_ws/install/hoverboard_driver/share/hoverboard_driver/environment/path.sh
-- Up-to-date symlink: /home/rasp/ros2_ws/install/hoverboard_driver/share/hoverboard_driver/environment/path.dsv
-- Up-to-date symlink: /home/rasp/ros2_ws/install/hoverboard_driver/share/hoverboard_driver/local_setup.bash
-- Up-to-date symlink: /home/rasp/ros2_ws/install/hoverboard_driver/share/hoverboard_driver/local_setup.sh
-- Up-to-date symlink: /home/rasp/ros2_ws/install/hoverboard_driver/share/hoverboard_driver/local_setup.zsh
-- Up-to-date symlink: /home/rasp/ros2_ws/install/hoverboard_driver/share/hoverboard_driver/local_setup.dsv
-- Symlinking: /home/rasp/ros2_ws/install/hoverboard_driver/share/hoverboard_driver/package.dsv
-- Up-to-date symlink: /home/rasp/ros2_ws/install/hoverboard_driver/share/ament_index/resource_index/packages/hoverboard_driver
-- Up-to-date symlink: /home/rasp/ros2_ws/install/hoverboard_driver/share/ament_index/resource_index/hardware_interface__pluginlib__plugin/hoverboard_driver
-- Up-to-date symlink: /home/rasp/ros2_ws/install/hoverboard_driver/share/hoverboard_driver/cmake/ament_cmake_export_targets-extras.cmake
-- Up-to-date symlink: /home/rasp/ros2_ws/install/hoverboard_driver/share/hoverboard_driver/cmake/ament_cmake_export_dependencies-extras.cmake
-- Up-to-date symlink: /home/rasp/ros2_ws/install/hoverboard_driver/share/hoverboard_driver/cmake/hoverboard_driverConfig.cmake
-- Up-to-date symlink: /home/rasp/ros2_ws/install/hoverboard_driver/share/hoverboard_driver/cmake/hoverboard_driverConfig-version.cmake
-- Up-to-date symlink: /home/rasp/ros2_ws/install/hoverboard_driver/share/hoverboard_driver/package.xml
-- Up-to-date: /home/rasp/ros2_ws/install/hoverboard_driver/lib/libhoverboard_driver.so
-- Up-to-date: /home/rasp/ros2_ws/install/hoverboard_driver/share/hoverboard_driver/cmake/export_hoverboard_driverExport.cmake
-- Up-to-date: /home/rasp/ros2_ws/install/hoverboard_driver/share/hoverboard_driver/cmake/export_hoverboard_driverExport-noconfig.cmake
