[0.785s] DEBUG:colcon:Command line arguments: ['/home/rasp/.local/bin/colcon', 'build']
[0.786s] DEBUG:colcon:Parsed command line arguments: Namespace(log_base=None, log_level=None, verb_name='build', build_base='build', install_base='install', merge_install=False, symlink_install=False, test_result_base=None, continue_on_error=False, executor='parallel', parallel_workers=4, event_handlers=None, ignore_user_meta=False, metas=['./colcon.meta'], base_paths=['.'], packages_ignore=None, packages_ignore_regex=None, paths=None, packages_up_to=None, packages_up_to_regex=None, packages_above=None, packages_above_and_dependencies=None, packages_above_depth=None, packages_select_by_dep=None, packages_skip_by_dep=None, packages_skip_up_to=None, packages_select_build_failed=False, packages_skip_build_finished=False, packages_select_test_failures=False, packages_skip_test_passed=False, packages_select=None, packages_skip=None, packages_select_regex=None, packages_skip_regex=None, packages_start=None, packages_end=None, cmake_args=None, cmake_target=None, cmake_target_skip_unavailable=False, cmake_clean_cache=False, cmake_clean_first=False, cmake_force_configure=False, ament_cmake_args=None, catkin_cmake_args=None, catkin_skip_building_tests=False, verb_parser=<colcon_defaults.argument_parser.defaults.DefaultArgumentsDecorator object at 0xffff8e9b6e30>, verb_extension=<colcon_core.verb.build.BuildVerb object at 0xffff8e8f8280>, main=<bound method BuildVerb.main of <colcon_core.verb.build.BuildVerb object at 0xffff8e8f8280>>)
[1.000s] Level 1:colcon.colcon_core.package_discovery:discover_packages(colcon_meta) check parameters
[1.000s] Level 1:colcon.colcon_core.package_discovery:discover_packages(recursive) check parameters
[1.000s] Level 1:colcon.colcon_core.package_discovery:discover_packages(ignore) check parameters
[1.000s] Level 1:colcon.colcon_core.package_discovery:discover_packages(path) check parameters
[1.001s] Level 1:colcon.colcon_core.package_discovery:discover_packages(colcon_meta) discover
[1.001s] Level 1:colcon.colcon_core.package_discovery:discover_packages(recursive) discover
[1.001s] INFO:colcon.colcon_core.package_discovery:Crawling recursively for packages in '/home/rasp/ros2_ws'
[1.001s] Level 1:colcon.colcon_core.package_identification:_identify(.) by extensions ['ignore', 'ignore_ament_install']
[1.002s] Level 1:colcon.colcon_core.package_identification:_identify(.) by extension 'ignore'
[1.002s] Level 1:colcon.colcon_core.package_identification:_identify(.) by extension 'ignore_ament_install'
[1.002s] Level 1:colcon.colcon_core.package_identification:_identify(.) by extensions ['colcon_pkg']
[1.002s] Level 1:colcon.colcon_core.package_identification:_identify(.) by extension 'colcon_pkg'
[1.003s] Level 1:colcon.colcon_core.package_identification:_identify(.) by extensions ['colcon_meta']
[1.003s] Level 1:colcon.colcon_core.package_identification:_identify(.) by extension 'colcon_meta'
[1.003s] Level 1:colcon.colcon_core.package_identification:_identify(.) by extensions ['ros']
[1.003s] Level 1:colcon.colcon_core.package_identification:_identify(.) by extension 'ros'
[1.017s] Level 1:colcon.colcon_core.package_identification:_identify(.) by extensions ['cmake', 'python']
[1.017s] Level 1:colcon.colcon_core.package_identification:_identify(.) by extension 'cmake'
[1.017s] Level 1:colcon.colcon_core.package_identification:_identify(.) by extension 'python'
[1.018s] Level 1:colcon.colcon_core.package_identification:_identify(.) by extensions ['python_setup_py']
[1.018s] Level 1:colcon.colcon_core.package_identification:_identify(.) by extension 'python_setup_py'
[1.018s] Level 1:colcon.colcon_core.package_identification:_identify(build) by extensions ['ignore', 'ignore_ament_install']
[1.019s] Level 1:colcon.colcon_core.package_identification:_identify(build) by extension 'ignore'
[1.019s] Level 1:colcon.colcon_core.package_identification:_identify(build) ignored
[1.019s] Level 1:colcon.colcon_core.package_identification:_identify(install) by extensions ['ignore', 'ignore_ament_install']
[1.020s] Level 1:colcon.colcon_core.package_identification:_identify(install) by extension 'ignore'
[1.020s] Level 1:colcon.colcon_core.package_identification:_identify(install) ignored
[1.020s] Level 1:colcon.colcon_core.package_identification:_identify(log) by extensions ['ignore', 'ignore_ament_install']
[1.021s] Level 1:colcon.colcon_core.package_identification:_identify(log) by extension 'ignore'
[1.021s] Level 1:colcon.colcon_core.package_identification:_identify(log) ignored
[1.021s] Level 1:colcon.colcon_core.package_identification:_identify(src) by extensions ['ignore', 'ignore_ament_install']
[1.022s] Level 1:colcon.colcon_core.package_identification:_identify(src) by extension 'ignore'
[1.022s] Level 1:colcon.colcon_core.package_identification:_identify(src) by extension 'ignore_ament_install'
[1.022s] Level 1:colcon.colcon_core.package_identification:_identify(src) by extensions ['colcon_pkg']
[1.022s] Level 1:colcon.colcon_core.package_identification:_identify(src) by extension 'colcon_pkg'
[1.022s] Level 1:colcon.colcon_core.package_identification:_identify(src) by extensions ['colcon_meta']
[1.022s] Level 1:colcon.colcon_core.package_identification:_identify(src) by extension 'colcon_meta'
[1.023s] Level 1:colcon.colcon_core.package_identification:_identify(src) by extensions ['ros']
[1.023s] Level 1:colcon.colcon_core.package_identification:_identify(src) by extension 'ros'
[1.023s] Level 1:colcon.colcon_core.package_identification:_identify(src) by extensions ['cmake', 'python']
[1.023s] Level 1:colcon.colcon_core.package_identification:_identify(src) by extension 'cmake'
[1.023s] Level 1:colcon.colcon_core.package_identification:_identify(src) by extension 'python'
[1.023s] Level 1:colcon.colcon_core.package_identification:_identify(src) by extensions ['python_setup_py']
[1.023s] Level 1:colcon.colcon_core.package_identification:_identify(src) by extension 'python_setup_py'
[1.024s] Level 1:colcon.colcon_core.package_identification:_identify(src/hoverboard-driver-humble) by extensions ['ignore', 'ignore_ament_install']
[1.024s] Level 1:colcon.colcon_core.package_identification:_identify(src/hoverboard-driver-humble) by extension 'ignore'
[1.025s] Level 1:colcon.colcon_core.package_identification:_identify(src/hoverboard-driver-humble) by extension 'ignore_ament_install'
[1.025s] Level 1:colcon.colcon_core.package_identification:_identify(src/hoverboard-driver-humble) by extensions ['colcon_pkg']
[1.025s] Level 1:colcon.colcon_core.package_identification:_identify(src/hoverboard-driver-humble) by extension 'colcon_pkg'
[1.025s] Level 1:colcon.colcon_core.package_identification:_identify(src/hoverboard-driver-humble) by extensions ['colcon_meta']
[1.025s] Level 1:colcon.colcon_core.package_identification:_identify(src/hoverboard-driver-humble) by extension 'colcon_meta'
[1.025s] Level 1:colcon.colcon_core.package_identification:_identify(src/hoverboard-driver-humble) by extensions ['ros']
[1.025s] Level 1:colcon.colcon_core.package_identification:_identify(src/hoverboard-driver-humble) by extension 'ros'
[1.036s] DEBUG:colcon.colcon_core.package_identification:Package 'src/hoverboard-driver-humble' with type 'ros.ament_cmake' and name 'hoverboard_driver'
[1.037s] Level 1:colcon.colcon_core.package_identification:_identify(src/rplidar_ros) by extensions ['ignore', 'ignore_ament_install']
[1.037s] Level 1:colcon.colcon_core.package_identification:_identify(src/rplidar_ros) by extension 'ignore'
[1.037s] Level 1:colcon.colcon_core.package_identification:_identify(src/rplidar_ros) by extension 'ignore_ament_install'
[1.037s] Level 1:colcon.colcon_core.package_identification:_identify(src/rplidar_ros) by extensions ['colcon_pkg']
[1.038s] Level 1:colcon.colcon_core.package_identification:_identify(src/rplidar_ros) by extension 'colcon_pkg'
[1.038s] Level 1:colcon.colcon_core.package_identification:_identify(src/rplidar_ros) by extensions ['colcon_meta']
[1.038s] Level 1:colcon.colcon_core.package_identification:_identify(src/rplidar_ros) by extension 'colcon_meta'
[1.038s] Level 1:colcon.colcon_core.package_identification:_identify(src/rplidar_ros) by extensions ['ros']
[1.038s] Level 1:colcon.colcon_core.package_identification:_identify(src/rplidar_ros) by extension 'ros'
[1.041s] DEBUG:colcon.colcon_core.package_identification:Package 'src/rplidar_ros' with type 'ros.catkin' and name 'rplidar_ros'
[1.042s] Level 1:colcon.colcon_core.package_identification:_identify(src/sllidar_ros2) by extensions ['ignore', 'ignore_ament_install']
[1.042s] Level 1:colcon.colcon_core.package_identification:_identify(src/sllidar_ros2) by extension 'ignore'
[1.043s] Level 1:colcon.colcon_core.package_identification:_identify(src/sllidar_ros2) by extension 'ignore_ament_install'
[1.043s] Level 1:colcon.colcon_core.package_identification:_identify(src/sllidar_ros2) by extensions ['colcon_pkg']
[1.043s] Level 1:colcon.colcon_core.package_identification:_identify(src/sllidar_ros2) by extension 'colcon_pkg'
[1.043s] Level 1:colcon.colcon_core.package_identification:_identify(src/sllidar_ros2) by extensions ['colcon_meta']
[1.043s] Level 1:colcon.colcon_core.package_identification:_identify(src/sllidar_ros2) by extension 'colcon_meta'
[1.043s] Level 1:colcon.colcon_core.package_identification:_identify(src/sllidar_ros2) by extensions ['ros']
[1.044s] Level 1:colcon.colcon_core.package_identification:_identify(src/sllidar_ros2) by extension 'ros'
[1.046s] DEBUG:colcon.colcon_core.package_identification:Package 'src/sllidar_ros2' with type 'ros.ament_cmake' and name 'sllidar_ros2'
[1.047s] Level 1:colcon.colcon_core.package_discovery:discover_packages(recursive) using defaults
[1.047s] Level 1:colcon.colcon_core.package_discovery:discover_packages(ignore) discover
[1.047s] Level 1:colcon.colcon_core.package_discovery:discover_packages(ignore) using defaults
[1.047s] Level 1:colcon.colcon_core.package_discovery:discover_packages(path) discover
[1.047s] Level 1:colcon.colcon_core.package_discovery:discover_packages(path) using defaults
[1.129s] Level 5:colcon.colcon_core.verb:set package 'hoverboard_driver' build argument 'cmake_args' from command line to 'None'
[1.129s] Level 5:colcon.colcon_core.verb:set package 'hoverboard_driver' build argument 'cmake_target' from command line to 'None'
[1.129s] Level 5:colcon.colcon_core.verb:set package 'hoverboard_driver' build argument 'cmake_target_skip_unavailable' from command line to 'False'
[1.129s] Level 5:colcon.colcon_core.verb:set package 'hoverboard_driver' build argument 'cmake_clean_cache' from command line to 'False'
[1.129s] Level 5:colcon.colcon_core.verb:set package 'hoverboard_driver' build argument 'cmake_clean_first' from command line to 'False'
[1.129s] Level 5:colcon.colcon_core.verb:set package 'hoverboard_driver' build argument 'cmake_force_configure' from command line to 'False'
[1.129s] Level 5:colcon.colcon_core.verb:set package 'hoverboard_driver' build argument 'ament_cmake_args' from command line to 'None'
[1.129s] Level 5:colcon.colcon_core.verb:set package 'hoverboard_driver' build argument 'catkin_cmake_args' from command line to 'None'
[1.129s] Level 5:colcon.colcon_core.verb:set package 'hoverboard_driver' build argument 'catkin_skip_building_tests' from command line to 'False'
[1.130s] DEBUG:colcon.colcon_core.verb:Building package 'hoverboard_driver' with the following arguments: {'ament_cmake_args': None, 'build_base': '/home/rasp/ros2_ws/build/hoverboard_driver', 'catkin_cmake_args': None, 'catkin_skip_building_tests': False, 'cmake_args': None, 'cmake_clean_cache': False, 'cmake_clean_first': False, 'cmake_force_configure': False, 'cmake_target': None, 'cmake_target_skip_unavailable': False, 'install_base': '/home/rasp/ros2_ws/install/hoverboard_driver', 'merge_install': False, 'path': '/home/rasp/ros2_ws/src/hoverboard-driver-humble', 'symlink_install': False, 'test_result_base': None}
[1.131s] Level 5:colcon.colcon_core.verb:set package 'rplidar_ros' build argument 'cmake_args' from command line to 'None'
[1.131s] Level 5:colcon.colcon_core.verb:set package 'rplidar_ros' build argument 'cmake_target' from command line to 'None'
[1.131s] Level 5:colcon.colcon_core.verb:set package 'rplidar_ros' build argument 'cmake_target_skip_unavailable' from command line to 'False'
[1.131s] Level 5:colcon.colcon_core.verb:set package 'rplidar_ros' build argument 'cmake_clean_cache' from command line to 'False'
[1.132s] Level 5:colcon.colcon_core.verb:set package 'rplidar_ros' build argument 'cmake_clean_first' from command line to 'False'
[1.132s] Level 5:colcon.colcon_core.verb:set package 'rplidar_ros' build argument 'cmake_force_configure' from command line to 'False'
[1.132s] Level 5:colcon.colcon_core.verb:set package 'rplidar_ros' build argument 'ament_cmake_args' from command line to 'None'
[1.132s] Level 5:colcon.colcon_core.verb:set package 'rplidar_ros' build argument 'catkin_cmake_args' from command line to 'None'
[1.132s] Level 5:colcon.colcon_core.verb:set package 'rplidar_ros' build argument 'catkin_skip_building_tests' from command line to 'False'
[1.132s] DEBUG:colcon.colcon_core.verb:Building package 'rplidar_ros' with the following arguments: {'ament_cmake_args': None, 'build_base': '/home/rasp/ros2_ws/build/rplidar_ros', 'catkin_cmake_args': None, 'catkin_skip_building_tests': False, 'cmake_args': None, 'cmake_clean_cache': False, 'cmake_clean_first': False, 'cmake_force_configure': False, 'cmake_target': None, 'cmake_target_skip_unavailable': False, 'install_base': '/home/rasp/ros2_ws/install/rplidar_ros', 'merge_install': False, 'path': '/home/rasp/ros2_ws/src/rplidar_ros', 'symlink_install': False, 'test_result_base': None}
[1.134s] Level 5:colcon.colcon_core.verb:set package 'sllidar_ros2' build argument 'cmake_args' from command line to 'None'
[1.134s] Level 5:colcon.colcon_core.verb:set package 'sllidar_ros2' build argument 'cmake_target' from command line to 'None'
[1.134s] Level 5:colcon.colcon_core.verb:set package 'sllidar_ros2' build argument 'cmake_target_skip_unavailable' from command line to 'False'
[1.134s] Level 5:colcon.colcon_core.verb:set package 'sllidar_ros2' build argument 'cmake_clean_cache' from command line to 'False'
[1.134s] Level 5:colcon.colcon_core.verb:set package 'sllidar_ros2' build argument 'cmake_clean_first' from command line to 'False'
[1.134s] Level 5:colcon.colcon_core.verb:set package 'sllidar_ros2' build argument 'cmake_force_configure' from command line to 'False'
[1.134s] Level 5:colcon.colcon_core.verb:set package 'sllidar_ros2' build argument 'ament_cmake_args' from command line to 'None'
[1.134s] Level 5:colcon.colcon_core.verb:set package 'sllidar_ros2' build argument 'catkin_cmake_args' from command line to 'None'
[1.134s] Level 5:colcon.colcon_core.verb:set package 'sllidar_ros2' build argument 'catkin_skip_building_tests' from command line to 'False'
[1.135s] DEBUG:colcon.colcon_core.verb:Building package 'sllidar_ros2' with the following arguments: {'ament_cmake_args': None, 'build_base': '/home/rasp/ros2_ws/build/sllidar_ros2', 'catkin_cmake_args': None, 'catkin_skip_building_tests': False, 'cmake_args': None, 'cmake_clean_cache': False, 'cmake_clean_first': False, 'cmake_force_configure': False, 'cmake_target': None, 'cmake_target_skip_unavailable': False, 'install_base': '/home/rasp/ros2_ws/install/sllidar_ros2', 'merge_install': False, 'path': '/home/rasp/ros2_ws/src/sllidar_ros2', 'symlink_install': False, 'test_result_base': None}
[1.135s] INFO:colcon.colcon_core.executor:Executing jobs using 'parallel' executor
[1.139s] DEBUG:colcon.colcon_parallel_executor.executor.parallel:run_until_complete
[1.140s] INFO:colcon.colcon_ros.task.ament_cmake.build:Building ROS package in '/home/rasp/ros2_ws/src/hoverboard-driver-humble' with build type 'ament_cmake'
[1.140s] INFO:colcon.colcon_cmake.task.cmake.build:Building CMake package in '/home/rasp/ros2_ws/src/hoverboard-driver-humble'
[1.149s] INFO:colcon.colcon_core.plugin_system:Skipping extension 'colcon_core.shell.bat': Not used on non-Windows systems
[1.150s] INFO:colcon.colcon_core.shell:Skip shell extension 'powershell' for command environment: Not usable outside of PowerShell
[1.151s] DEBUG:colcon.colcon_core.shell:Skip shell extension 'dsv' for command environment
[1.179s] INFO:colcon.colcon_ros.task.catkin.build:Building ROS package in '/home/rasp/ros2_ws/src/rplidar_ros' with build type 'catkin'
[1.180s] INFO:colcon.colcon_cmake.task.cmake.build:Building CMake package in '/home/rasp/ros2_ws/src/rplidar_ros'
[1.181s] INFO:colcon.colcon_core.shell:Skip shell extension 'powershell' for command environment: Not usable outside of PowerShell
[1.182s] DEBUG:colcon.colcon_core.shell:Skip shell extension 'dsv' for command environment
[1.205s] INFO:colcon.colcon_ros.task.ament_cmake.build:Building ROS package in '/home/rasp/ros2_ws/src/sllidar_ros2' with build type 'ament_cmake'
[1.206s] INFO:colcon.colcon_cmake.task.cmake.build:Building CMake package in '/home/rasp/ros2_ws/src/sllidar_ros2'
[1.207s] INFO:colcon.colcon_core.shell:Skip shell extension 'powershell' for command environment: Not usable outside of PowerShell
[1.207s] DEBUG:colcon.colcon_core.shell:Skip shell extension 'dsv' for command environment
[1.257s] DEBUG:colcon.colcon_core.event_handler.log_command:Invoking command in '/home/rasp/ros2_ws/build/hoverboard_driver': CMAKE_PREFIX_PATH=${CMAKE_PREFIX_PATH}:/opt/ros/humble /usr/bin/cmake --build /home/rasp/ros2_ws/build/hoverboard_driver -- -j4 -l4
[1.285s] DEBUG:colcon.colcon_core.event_handler.log_command:Invoking command in '/home/rasp/ros2_ws/build/rplidar_ros': /usr/bin/cmake /home/rasp/ros2_ws/src/rplidar_ros -DCATKIN_INSTALL_INTO_PREFIX_ROOT=0 -DCMAKE_INSTALL_PREFIX=/home/rasp/ros2_ws/install/rplidar_ros
[1.308s] DEBUG:colcon.colcon_core.event_handler.log_command:Invoking command in '/home/rasp/ros2_ws/build/sllidar_ros2': CMAKE_PREFIX_PATH=${CMAKE_PREFIX_PATH}:/opt/ros/humble /usr/bin/cmake --build /home/rasp/ros2_ws/build/sllidar_ros2 -- -j4 -l4
[1.634s] DEBUG:colcon.colcon_core.event_handler.log_command:Invoked command in '/home/rasp/ros2_ws/build/hoverboard_driver' returned '0': CMAKE_PREFIX_PATH=${CMAKE_PREFIX_PATH}:/opt/ros/humble /usr/bin/cmake --build /home/rasp/ros2_ws/build/hoverboard_driver -- -j4 -l4
[1.683s] DEBUG:colcon.colcon_core.event_handler.log_command:Invoking command in '/home/rasp/ros2_ws/build/hoverboard_driver': CMAKE_PREFIX_PATH=${CMAKE_PREFIX_PATH}:/opt/ros/humble /usr/bin/cmake --install /home/rasp/ros2_ws/build/hoverboard_driver
[1.688s] DEBUG:colcon.colcon_core.event_handler.log_command:Invoked command in '/home/rasp/ros2_ws/build/sllidar_ros2' returned '0': CMAKE_PREFIX_PATH=${CMAKE_PREFIX_PATH}:/opt/ros/humble /usr/bin/cmake --build /home/rasp/ros2_ws/build/sllidar_ros2 -- -j4 -l4
[1.701s] DEBUG:colcon.colcon_core.event_handler.log_command:Invoking command in '/home/rasp/ros2_ws/build/sllidar_ros2': CMAKE_PREFIX_PATH=${CMAKE_PREFIX_PATH}:/opt/ros/humble /usr/bin/cmake --install /home/rasp/ros2_ws/build/sllidar_ros2
[1.811s] Level 1:colcon.colcon_core.environment:create_environment_scripts_only(hoverboard_driver)
[1.814s] DEBUG:colcon.colcon_core.event_handler.log_command:Invoked command in '/home/rasp/ros2_ws/build/hoverboard_driver' returned '0': CMAKE_PREFIX_PATH=${CMAKE_PREFIX_PATH}:/opt/ros/humble /usr/bin/cmake --install /home/rasp/ros2_ws/build/hoverboard_driver
[1.827s] Level 1:colcon.colcon_core.environment:checking '/home/rasp/ros2_ws/install/hoverboard_driver' for CMake module files
[1.835s] Level 1:colcon.colcon_core.environment:checking '/home/rasp/ros2_ws/install/hoverboard_driver' for CMake config files
[1.841s] Level 1:colcon.colcon_core.shell:create_environment_hook('hoverboard_driver', 'cmake_prefix_path')
[1.842s] INFO:colcon.colcon_core.shell:Creating environment hook '/home/rasp/ros2_ws/install/hoverboard_driver/share/hoverboard_driver/hook/cmake_prefix_path.ps1'
[1.846s] INFO:colcon.colcon_core.shell:Creating environment descriptor '/home/rasp/ros2_ws/install/hoverboard_driver/share/hoverboard_driver/hook/cmake_prefix_path.dsv'
[1.848s] INFO:colcon.colcon_core.shell:Creating environment hook '/home/rasp/ros2_ws/install/hoverboard_driver/share/hoverboard_driver/hook/cmake_prefix_path.sh'
[1.853s] Level 1:colcon.colcon_core.environment:checking '/home/rasp/ros2_ws/install/hoverboard_driver/lib'
[1.854s] Level 1:colcon.colcon_core.shell:create_environment_hook('hoverboard_driver', 'ld_library_path_lib')
[1.855s] INFO:colcon.colcon_core.shell:Creating environment hook '/home/rasp/ros2_ws/install/hoverboard_driver/share/hoverboard_driver/hook/ld_library_path_lib.ps1'
[1.857s] INFO:colcon.colcon_core.shell:Creating environment descriptor '/home/rasp/ros2_ws/install/hoverboard_driver/share/hoverboard_driver/hook/ld_library_path_lib.dsv'
[1.859s] INFO:colcon.colcon_core.shell:Creating environment hook '/home/rasp/ros2_ws/install/hoverboard_driver/share/hoverboard_driver/hook/ld_library_path_lib.sh'
[1.861s] Level 1:colcon.colcon_core.environment:checking '/home/rasp/ros2_ws/install/hoverboard_driver/bin'
[1.861s] Level 1:colcon.colcon_core.environment:checking '/home/rasp/ros2_ws/install/hoverboard_driver/lib/pkgconfig/hoverboard_driver.pc'
[1.869s] Level 1:colcon.colcon_core.environment:checking '/home/rasp/ros2_ws/install/hoverboard_driver/lib/python3.10/site-packages'
[1.870s] Level 1:colcon.colcon_core.environment:checking '/home/rasp/ros2_ws/install/hoverboard_driver/bin'
[1.871s] INFO:colcon.colcon_core.shell:Creating package script '/home/rasp/ros2_ws/install/hoverboard_driver/share/hoverboard_driver/package.ps1'
[1.876s] INFO:colcon.colcon_core.shell:Creating package descriptor '/home/rasp/ros2_ws/install/hoverboard_driver/share/hoverboard_driver/package.dsv'
[1.880s] INFO:colcon.colcon_core.shell:Creating package script '/home/rasp/ros2_ws/install/hoverboard_driver/share/hoverboard_driver/package.sh'
[1.883s] INFO:colcon.colcon_core.shell:Creating package script '/home/rasp/ros2_ws/install/hoverboard_driver/share/hoverboard_driver/package.bash'
[1.887s] INFO:colcon.colcon_core.shell:Creating package script '/home/rasp/ros2_ws/install/hoverboard_driver/share/hoverboard_driver/package.zsh'
[1.891s] Level 1:colcon.colcon_core.environment:create_file_with_runtime_dependencies(/home/rasp/ros2_ws/install/hoverboard_driver/share/colcon-core/packages/hoverboard_driver)
[1.894s] Level 1:colcon.colcon_core.environment:create_environment_scripts_only(hoverboard_driver)
[1.895s] Level 1:colcon.colcon_core.environment:checking '/home/rasp/ros2_ws/install/hoverboard_driver' for CMake module files
[1.899s] Level 1:colcon.colcon_core.environment:checking '/home/rasp/ros2_ws/install/hoverboard_driver' for CMake config files
[1.903s] Level 1:colcon.colcon_core.shell:create_environment_hook('hoverboard_driver', 'cmake_prefix_path')
[1.904s] INFO:colcon.colcon_core.shell:Creating environment hook '/home/rasp/ros2_ws/install/hoverboard_driver/share/hoverboard_driver/hook/cmake_prefix_path.ps1'
[1.906s] INFO:colcon.colcon_core.shell:Creating environment descriptor '/home/rasp/ros2_ws/install/hoverboard_driver/share/hoverboard_driver/hook/cmake_prefix_path.dsv'
[1.908s] INFO:colcon.colcon_core.shell:Creating environment hook '/home/rasp/ros2_ws/install/hoverboard_driver/share/hoverboard_driver/hook/cmake_prefix_path.sh'
[1.911s] Level 1:colcon.colcon_core.environment:checking '/home/rasp/ros2_ws/install/hoverboard_driver/lib'
[1.911s] Level 1:colcon.colcon_core.shell:create_environment_hook('hoverboard_driver', 'ld_library_path_lib')
[1.912s] INFO:colcon.colcon_core.shell:Creating environment hook '/home/rasp/ros2_ws/install/hoverboard_driver/share/hoverboard_driver/hook/ld_library_path_lib.ps1'
[1.915s] INFO:colcon.colcon_core.shell:Creating environment descriptor '/home/rasp/ros2_ws/install/hoverboard_driver/share/hoverboard_driver/hook/ld_library_path_lib.dsv'
[1.917s] INFO:colcon.colcon_core.shell:Creating environment hook '/home/rasp/ros2_ws/install/hoverboard_driver/share/hoverboard_driver/hook/ld_library_path_lib.sh'
[1.919s] Level 1:colcon.colcon_core.environment:checking '/home/rasp/ros2_ws/install/hoverboard_driver/bin'
[1.919s] Level 1:colcon.colcon_core.environment:checking '/home/rasp/ros2_ws/install/hoverboard_driver/lib/pkgconfig/hoverboard_driver.pc'
[1.920s] Level 1:colcon.colcon_core.environment:checking '/home/rasp/ros2_ws/install/hoverboard_driver/lib/python3.10/site-packages'
[1.921s] Level 1:colcon.colcon_core.environment:checking '/home/rasp/ros2_ws/install/hoverboard_driver/bin'
[1.923s] INFO:colcon.colcon_core.shell:Creating package script '/home/rasp/ros2_ws/install/hoverboard_driver/share/hoverboard_driver/package.ps1'
[1.925s] INFO:colcon.colcon_core.shell:Creating package descriptor '/home/rasp/ros2_ws/install/hoverboard_driver/share/hoverboard_driver/package.dsv'
[1.928s] INFO:colcon.colcon_core.shell:Creating package script '/home/rasp/ros2_ws/install/hoverboard_driver/share/hoverboard_driver/package.sh'
[1.931s] INFO:colcon.colcon_core.shell:Creating package script '/home/rasp/ros2_ws/install/hoverboard_driver/share/hoverboard_driver/package.bash'
[1.933s] INFO:colcon.colcon_core.shell:Creating package script '/home/rasp/ros2_ws/install/hoverboard_driver/share/hoverboard_driver/package.zsh'
[1.935s] Level 1:colcon.colcon_core.environment:create_file_with_runtime_dependencies(/home/rasp/ros2_ws/install/hoverboard_driver/share/colcon-core/packages/hoverboard_driver)
[1.939s] Level 1:colcon.colcon_core.environment:create_environment_scripts_only(sllidar_ros2)
[1.940s] Level 1:colcon.colcon_core.environment:checking '/home/rasp/ros2_ws/install/sllidar_ros2' for CMake module files
[1.944s] DEBUG:colcon.colcon_core.event_handler.log_command:Invoked command in '/home/rasp/ros2_ws/build/sllidar_ros2' returned '0': CMAKE_PREFIX_PATH=${CMAKE_PREFIX_PATH}:/opt/ros/humble /usr/bin/cmake --install /home/rasp/ros2_ws/build/sllidar_ros2
[1.945s] Level 1:colcon.colcon_core.environment:checking '/home/rasp/ros2_ws/install/sllidar_ros2' for CMake config files
[1.950s] Level 1:colcon.colcon_core.shell:create_environment_hook('sllidar_ros2', 'cmake_prefix_path')
[1.951s] INFO:colcon.colcon_core.shell:Creating environment hook '/home/rasp/ros2_ws/install/sllidar_ros2/share/sllidar_ros2/hook/cmake_prefix_path.ps1'
[1.954s] INFO:colcon.colcon_core.shell:Creating environment descriptor '/home/rasp/ros2_ws/install/sllidar_ros2/share/sllidar_ros2/hook/cmake_prefix_path.dsv'
[1.957s] INFO:colcon.colcon_core.shell:Creating environment hook '/home/rasp/ros2_ws/install/sllidar_ros2/share/sllidar_ros2/hook/cmake_prefix_path.sh'
[1.961s] Level 1:colcon.colcon_core.environment:checking '/home/rasp/ros2_ws/install/sllidar_ros2/lib'
[1.962s] Level 1:colcon.colcon_core.environment:checking '/home/rasp/ros2_ws/install/sllidar_ros2/bin'
[1.962s] Level 1:colcon.colcon_core.environment:checking '/home/rasp/ros2_ws/install/sllidar_ros2/lib/pkgconfig/sllidar_ros2.pc'
[1.963s] Level 1:colcon.colcon_core.environment:checking '/home/rasp/ros2_ws/install/sllidar_ros2/lib/python3.10/site-packages'
[1.965s] Level 1:colcon.colcon_core.environment:checking '/home/rasp/ros2_ws/install/sllidar_ros2/bin'
[1.967s] INFO:colcon.colcon_core.shell:Creating package script '/home/rasp/ros2_ws/install/sllidar_ros2/share/sllidar_ros2/package.ps1'
[1.970s] INFO:colcon.colcon_core.shell:Creating package descriptor '/home/rasp/ros2_ws/install/sllidar_ros2/share/sllidar_ros2/package.dsv'
[1.973s] INFO:colcon.colcon_core.shell:Creating package script '/home/rasp/ros2_ws/install/sllidar_ros2/share/sllidar_ros2/package.sh'
[1.976s] INFO:colcon.colcon_core.shell:Creating package script '/home/rasp/ros2_ws/install/sllidar_ros2/share/sllidar_ros2/package.bash'
[1.979s] INFO:colcon.colcon_core.shell:Creating package script '/home/rasp/ros2_ws/install/sllidar_ros2/share/sllidar_ros2/package.zsh'
[1.981s] Level 1:colcon.colcon_core.environment:create_file_with_runtime_dependencies(/home/rasp/ros2_ws/install/sllidar_ros2/share/colcon-core/packages/sllidar_ros2)
[1.986s] Level 1:colcon.colcon_core.environment:create_environment_scripts_only(sllidar_ros2)
[1.987s] Level 1:colcon.colcon_core.environment:checking '/home/rasp/ros2_ws/install/sllidar_ros2' for CMake module files
[1.990s] Level 1:colcon.colcon_core.environment:checking '/home/rasp/ros2_ws/install/sllidar_ros2' for CMake config files
[1.995s] Level 1:colcon.colcon_core.shell:create_environment_hook('sllidar_ros2', 'cmake_prefix_path')
[1.996s] INFO:colcon.colcon_core.shell:Creating environment hook '/home/rasp/ros2_ws/install/sllidar_ros2/share/sllidar_ros2/hook/cmake_prefix_path.ps1'
[1.998s] INFO:colcon.colcon_core.shell:Creating environment descriptor '/home/rasp/ros2_ws/install/sllidar_ros2/share/sllidar_ros2/hook/cmake_prefix_path.dsv'
[2.000s] INFO:colcon.colcon_core.shell:Creating environment hook '/home/rasp/ros2_ws/install/sllidar_ros2/share/sllidar_ros2/hook/cmake_prefix_path.sh'
[2.003s] Level 1:colcon.colcon_core.environment:checking '/home/rasp/ros2_ws/install/sllidar_ros2/lib'
[2.003s] Level 1:colcon.colcon_core.environment:checking '/home/rasp/ros2_ws/install/sllidar_ros2/bin'
[2.004s] Level 1:colcon.colcon_core.environment:checking '/home/rasp/ros2_ws/install/sllidar_ros2/lib/pkgconfig/sllidar_ros2.pc'
[2.005s] Level 1:colcon.colcon_core.environment:checking '/home/rasp/ros2_ws/install/sllidar_ros2/lib/python3.10/site-packages'
[2.006s] Level 1:colcon.colcon_core.environment:checking '/home/rasp/ros2_ws/install/sllidar_ros2/bin'
[2.007s] INFO:colcon.colcon_core.shell:Creating package script '/home/rasp/ros2_ws/install/sllidar_ros2/share/sllidar_ros2/package.ps1'
[2.009s] INFO:colcon.colcon_core.shell:Creating package descriptor '/home/rasp/ros2_ws/install/sllidar_ros2/share/sllidar_ros2/package.dsv'
[2.011s] INFO:colcon.colcon_core.shell:Creating package script '/home/rasp/ros2_ws/install/sllidar_ros2/share/sllidar_ros2/package.sh'
[2.013s] INFO:colcon.colcon_core.shell:Creating package script '/home/rasp/ros2_ws/install/sllidar_ros2/share/sllidar_ros2/package.bash'
[2.015s] INFO:colcon.colcon_core.shell:Creating package script '/home/rasp/ros2_ws/install/sllidar_ros2/share/sllidar_ros2/package.zsh'
[2.018s] Level 1:colcon.colcon_core.environment:create_file_with_runtime_dependencies(/home/rasp/ros2_ws/install/sllidar_ros2/share/colcon-core/packages/sllidar_ros2)
[4.135s] DEBUG:colcon.colcon_core.event_handler.log_command:Invoked command in '/home/rasp/ros2_ws/build/rplidar_ros' returned '1': /usr/bin/cmake /home/rasp/ros2_ws/src/rplidar_ros -DCATKIN_INSTALL_INTO_PREFIX_ROOT=0 -DCMAKE_INSTALL_PREFIX=/home/rasp/ros2_ws/install/rplidar_ros
[4.181s] Level 1:colcon.colcon_core.environment:create_environment_scripts_only(rplidar_ros)
[4.182s] Level 1:colcon.colcon_core.environment:checking '/home/rasp/ros2_ws/install/rplidar_ros' for CMake module files
[4.184s] Level 1:colcon.colcon_core.environment:checking '/home/rasp/ros2_ws/install/rplidar_ros' for CMake config files
[4.185s] Level 1:colcon.colcon_core.environment:checking '/home/rasp/ros2_ws/install/rplidar_ros/bin'
[4.185s] Level 1:colcon.colcon_core.environment:checking '/home/rasp/ros2_ws/install/rplidar_ros/lib/pkgconfig/rplidar_ros.pc'
[4.186s] Level 1:colcon.colcon_core.environment:checking '/home/rasp/ros2_ws/install/rplidar_ros/lib/python3.10/site-packages'
[4.187s] Level 1:colcon.colcon_core.environment:checking '/home/rasp/ros2_ws/install/rplidar_ros/bin'
[4.188s] INFO:colcon.colcon_core.shell:Creating package script '/home/rasp/ros2_ws/install/rplidar_ros/share/rplidar_ros/package.ps1'
[4.191s] INFO:colcon.colcon_core.shell:Creating package descriptor '/home/rasp/ros2_ws/install/rplidar_ros/share/rplidar_ros/package.dsv'
[4.194s] INFO:colcon.colcon_core.shell:Creating package script '/home/rasp/ros2_ws/install/rplidar_ros/share/rplidar_ros/package.sh'
[4.196s] INFO:colcon.colcon_core.shell:Creating package script '/home/rasp/ros2_ws/install/rplidar_ros/share/rplidar_ros/package.bash'
[4.199s] INFO:colcon.colcon_core.shell:Creating package script '/home/rasp/ros2_ws/install/rplidar_ros/share/rplidar_ros/package.zsh'
[4.200s] Level 1:colcon.colcon_core.environment:create_file_with_runtime_dependencies(/home/rasp/ros2_ws/install/rplidar_ros/share/colcon-core/packages/rplidar_ros)
[4.212s] DEBUG:colcon.colcon_parallel_executor.executor.parallel:closing loop
[4.213s] DEBUG:colcon.colcon_parallel_executor.executor.parallel:loop closed
[4.213s] DEBUG:colcon.colcon_parallel_executor.executor.parallel:run_until_complete finished with '1'
[4.213s] DEBUG:colcon.colcon_core.event_reactor:joining thread
[4.245s] INFO:colcon.colcon_core.plugin_system:Skipping extension 'colcon_notification.desktop_notification.terminal_notifier': Not used on non-Darwin systems
[4.246s] INFO:colcon.colcon_core.plugin_system:Skipping extension 'colcon_notification.desktop_notification.win32': Not used on non-Windows systems
[4.246s] INFO:colcon.colcon_notification.desktop_notification:Sending desktop notification using 'notify2'
[4.300s] DEBUG:colcon.colcon_core.event_reactor:joined thread
[4.302s] INFO:colcon.colcon_core.shell:Creating prefix script '/home/rasp/ros2_ws/install/local_setup.ps1'
[4.307s] INFO:colcon.colcon_core.shell:Creating prefix util module '/home/rasp/ros2_ws/install/_local_setup_util_ps1.py'
[4.315s] INFO:colcon.colcon_core.shell:Creating prefix chain script '/home/rasp/ros2_ws/install/setup.ps1'
[4.323s] INFO:colcon.colcon_core.shell:Creating prefix script '/home/rasp/ros2_ws/install/local_setup.sh'
[4.327s] INFO:colcon.colcon_core.shell:Creating prefix util module '/home/rasp/ros2_ws/install/_local_setup_util_sh.py'
[4.331s] INFO:colcon.colcon_core.shell:Creating prefix chain script '/home/rasp/ros2_ws/install/setup.sh'
[4.337s] INFO:colcon.colcon_core.shell:Creating prefix script '/home/rasp/ros2_ws/install/local_setup.bash'
[4.340s] INFO:colcon.colcon_core.shell:Creating prefix chain script '/home/rasp/ros2_ws/install/setup.bash'
[4.346s] INFO:colcon.colcon_core.shell:Creating prefix script '/home/rasp/ros2_ws/install/local_setup.zsh'
[4.350s] INFO:colcon.colcon_core.shell:Creating prefix chain script '/home/rasp/ros2_ws/install/setup.zsh'
