[0.137s] Invoking command in '/home/rasp/ros2_ws/build/hoverboard_driver': CMAKE_PREFIX_PATH=${CMAKE_PREFIX_PATH}:/opt/ros/humble /usr/bin/cmake --build /home/rasp/ros2_ws/build/hoverboard_driver -- -j4 -l4
[0.605s] [100%] Built target hoverboard_driver
[0.652s] Invoked command in '/home/rasp/ros2_ws/build/hoverboard_driver' returned '0': CMAKE_PREFIX_PATH=${CMAKE_PREFIX_PATH}:/opt/ros/humble /usr/bin/cmake --build /home/rasp/ros2_ws/build/hoverboard_driver -- -j4 -l4
[0.697s] Invoking command in '/home/rasp/ros2_ws/build/hoverboard_driver': CMAKE_PREFIX_PATH=${CMAKE_PREFIX_PATH}:/opt/ros/humble /usr/bin/cmake --install /home/rasp/ros2_ws/build/hoverboard_driver
[0.729s] -- Install configuration: ""
[0.732s] -- Execute custom install script
[0.735s] -- Up-to-date symlink: /home/rasp/ros2_ws/install/hoverboard_driver/share/hoverboard_driver//hoverboard_driver.xml
[0.739s] -- Up-to-date symlink: /home/rasp/ros2_ws/install/hoverboard_driver/include/hoverboard_driver/hoverboard_driver/config.hpp
[0.740s] -- Up-to-date symlink: /home/rasp/ros2_ws/install/hoverboard_driver/include/hoverboard_driver/hoverboard_driver/hoverboard_driver.hpp
[0.744s] -- Up-to-date symlink: /home/rasp/ros2_ws/install/hoverboard_driver/include/hoverboard_driver/hoverboard_driver/pid.hpp
[0.749s] -- Up-to-date symlink: /home/rasp/ros2_ws/install/hoverboard_driver/include/hoverboard_driver/hoverboard_driver/protocol.hpp
[0.750s] -- Up-to-date symlink: /home/rasp/ros2_ws/install/hoverboard_driver/share/hoverboard_driver/launch/view_robot.launch.py
[0.753s] -- Up-to-date symlink: /home/rasp/ros2_ws/install/hoverboard_driver/share/hoverboard_driver/ros2_control/hoverboard_driver.ros2_control.xacro
[0.755s] -- Up-to-date symlink: /home/rasp/ros2_ws/install/hoverboard_driver/share/hoverboard_driver/urdf/diffbot.materials.xacro
[0.757s] -- Up-to-date symlink: /home/rasp/ros2_ws/install/hoverboard_driver/share/hoverboard_driver/urdf/diffbot.urdf.xacro
[0.759s] -- Up-to-date symlink: /home/rasp/ros2_ws/install/hoverboard_driver/share/hoverboard_driver/urdf/diffbot_description.urdf.xacro
[0.761s] -- Up-to-date symlink: /home/rasp/ros2_ws/install/hoverboard_driver/share/hoverboard_driver/launch/diffbot.launch.py
[0.764s] -- Up-to-date symlink: /home/rasp/ros2_ws/install/hoverboard_driver/share/hoverboard_driver/config/hoverboard_controllers.yaml
[0.766s] -- Up-to-date symlink: /home/rasp/ros2_ws/install/hoverboard_driver/share/hoverboard_driver/environment/library_path.sh
[0.768s] -- Up-to-date symlink: /home/rasp/ros2_ws/install/hoverboard_driver/share/hoverboard_driver/environment/library_path.dsv
[0.770s] -- Up-to-date symlink: /home/rasp/ros2_ws/install/hoverboard_driver/share/ament_index/resource_index/package_run_dependencies/hoverboard_driver
[0.772s] -- Up-to-date symlink: /home/rasp/ros2_ws/install/hoverboard_driver/share/ament_index/resource_index/parent_prefix_path/hoverboard_driver
[0.774s] -- Up-to-date symlink: /home/rasp/ros2_ws/install/hoverboard_driver/share/hoverboard_driver/environment/ament_prefix_path.sh
[0.775s] -- Up-to-date symlink: /home/rasp/ros2_ws/install/hoverboard_driver/share/hoverboard_driver/environment/ament_prefix_path.dsv
[0.777s] -- Up-to-date symlink: /home/rasp/ros2_ws/install/hoverboard_driver/share/hoverboard_driver/environment/path.sh
[0.778s] -- Up-to-date symlink: /home/rasp/ros2_ws/install/hoverboard_driver/share/hoverboard_driver/environment/path.dsv
[0.779s] -- Up-to-date symlink: /home/rasp/ros2_ws/install/hoverboard_driver/share/hoverboard_driver/local_setup.bash
[0.780s] -- Up-to-date symlink: /home/rasp/ros2_ws/install/hoverboard_driver/share/hoverboard_driver/local_setup.sh
[0.782s] -- Up-to-date symlink: /home/rasp/ros2_ws/install/hoverboard_driver/share/hoverboard_driver/local_setup.zsh
[0.784s] -- Up-to-date symlink: /home/rasp/ros2_ws/install/hoverboard_driver/share/hoverboard_driver/local_setup.dsv
[0.785s] -- Symlinking: /home/rasp/ros2_ws/install/hoverboard_driver/share/hoverboard_driver/package.dsv
[0.822s] -- Up-to-date symlink: /home/rasp/ros2_ws/install/hoverboard_driver/share/ament_index/resource_index/packages/hoverboard_driver
[0.823s] -- Up-to-date symlink: /home/rasp/ros2_ws/install/hoverboard_driver/share/ament_index/resource_index/hardware_interface__pluginlib__plugin/hoverboard_driver
[0.825s] -- Up-to-date symlink: /home/rasp/ros2_ws/install/hoverboard_driver/share/hoverboard_driver/cmake/ament_cmake_export_targets-extras.cmake
[0.828s] -- Up-to-date symlink: /home/rasp/ros2_ws/install/hoverboard_driver/share/hoverboard_driver/cmake/ament_cmake_export_dependencies-extras.cmake
[0.829s] -- Up-to-date symlink: /home/rasp/ros2_ws/install/hoverboard_driver/share/hoverboard_driver/cmake/hoverboard_driverConfig.cmake
[0.831s] -- Up-to-date symlink: /home/rasp/ros2_ws/install/hoverboard_driver/share/hoverboard_driver/cmake/hoverboard_driverConfig-version.cmake
[0.832s] -- Up-to-date symlink: /home/rasp/ros2_ws/install/hoverboard_driver/share/hoverboard_driver/package.xml
[0.839s] -- Up-to-date: /home/rasp/ros2_ws/install/hoverboard_driver/lib/libhoverboard_driver.so
[0.840s] -- Up-to-date: /home/rasp/ros2_ws/install/hoverboard_driver/share/hoverboard_driver/cmake/export_hoverboard_driverExport.cmake
[0.843s] -- Up-to-date: /home/rasp/ros2_ws/install/hoverboard_driver/share/hoverboard_driver/cmake/export_hoverboard_driverExport-noconfig.cmake
[0.963s] Invoked command in '/home/rasp/ros2_ws/build/hoverboard_driver' returned '0': CMAKE_PREFIX_PATH=${CMAKE_PREFIX_PATH}:/opt/ros/humble /usr/bin/cmake --install /home/rasp/ros2_ws/build/hoverboard_driver
