[1.520s] DEBUG:colcon:Command line arguments: ['/home/rasp/.local/bin/colcon', 'build', '--symlink-install']
[1.521s] DEBUG:colcon:Parsed command line arguments: Namespace(log_base=None, log_level=None, verb_name='build', build_base='build', install_base='install', merge_install=False, symlink_install=True, test_result_base=None, continue_on_error=False, executor='parallel', parallel_workers=4, event_handlers=None, ignore_user_meta=False, metas=['./colcon.meta'], base_paths=['.'], packages_ignore=None, packages_ignore_regex=None, paths=None, packages_up_to=None, packages_up_to_regex=None, packages_above=None, packages_above_and_dependencies=None, packages_above_depth=None, packages_select_by_dep=None, packages_skip_by_dep=None, packages_skip_up_to=None, packages_select_build_failed=False, packages_skip_build_finished=False, packages_select_test_failures=False, packages_skip_test_passed=False, packages_select=None, packages_skip=None, packages_select_regex=None, packages_skip_regex=None, packages_start=None, packages_end=None, cmake_args=None, cmake_target=None, cmake_target_skip_unavailable=False, cmake_clean_cache=False, cmake_clean_first=False, cmake_force_configure=False, ament_cmake_args=None, catkin_cmake_args=None, catkin_skip_building_tests=False, verb_parser=<colcon_defaults.argument_parser.defaults.DefaultArgumentsDecorator object at 0xffffb3506da0>, verb_extension=<colcon_core.verb.build.BuildVerb object at 0xffffb34481f0>, main=<bound method BuildVerb.main of <colcon_core.verb.build.BuildVerb object at 0xffffb34481f0>>)
[2.603s] Level 1:colcon.colcon_core.package_discovery:discover_packages(colcon_meta) check parameters
[2.604s] Level 1:colcon.colcon_core.package_discovery:discover_packages(recursive) check parameters
[2.604s] Level 1:colcon.colcon_core.package_discovery:discover_packages(ignore) check parameters
[2.604s] Level 1:colcon.colcon_core.package_discovery:discover_packages(path) check parameters
[2.604s] Level 1:colcon.colcon_core.package_discovery:discover_packages(colcon_meta) discover
[2.604s] Level 1:colcon.colcon_core.package_discovery:discover_packages(recursive) discover
[2.605s] INFO:colcon.colcon_core.package_discovery:Crawling recursively for packages in '/home/rasp/ros2_ws'
[2.605s] Level 1:colcon.colcon_core.package_identification:_identify(.) by extensions ['ignore', 'ignore_ament_install']
[2.606s] Level 1:colcon.colcon_core.package_identification:_identify(.) by extension 'ignore'
[2.606s] Level 1:colcon.colcon_core.package_identification:_identify(.) by extension 'ignore_ament_install'
[2.606s] Level 1:colcon.colcon_core.package_identification:_identify(.) by extensions ['colcon_pkg']
[2.607s] Level 1:colcon.colcon_core.package_identification:_identify(.) by extension 'colcon_pkg'
[2.607s] Level 1:colcon.colcon_core.package_identification:_identify(.) by extensions ['colcon_meta']
[2.607s] Level 1:colcon.colcon_core.package_identification:_identify(.) by extension 'colcon_meta'
[2.607s] Level 1:colcon.colcon_core.package_identification:_identify(.) by extensions ['ros']
[2.607s] Level 1:colcon.colcon_core.package_identification:_identify(.) by extension 'ros'
[2.624s] Level 1:colcon.colcon_core.package_identification:_identify(.) by extensions ['cmake', 'python']
[2.625s] Level 1:colcon.colcon_core.package_identification:_identify(.) by extension 'cmake'
[2.625s] Level 1:colcon.colcon_core.package_identification:_identify(.) by extension 'python'
[2.625s] Level 1:colcon.colcon_core.package_identification:_identify(.) by extensions ['python_setup_py']
[2.625s] Level 1:colcon.colcon_core.package_identification:_identify(.) by extension 'python_setup_py'
[2.626s] Level 1:colcon.colcon_core.package_identification:_identify(build) by extensions ['ignore', 'ignore_ament_install']
[2.626s] Level 1:colcon.colcon_core.package_identification:_identify(build) by extension 'ignore'
[2.626s] Level 1:colcon.colcon_core.package_identification:_identify(build) ignored
[2.627s] Level 1:colcon.colcon_core.package_identification:_identify(install) by extensions ['ignore', 'ignore_ament_install']
[2.627s] Level 1:colcon.colcon_core.package_identification:_identify(install) by extension 'ignore'
[2.627s] Level 1:colcon.colcon_core.package_identification:_identify(install) ignored
[2.628s] Level 1:colcon.colcon_core.package_identification:_identify(log) by extensions ['ignore', 'ignore_ament_install']
[2.628s] Level 1:colcon.colcon_core.package_identification:_identify(log) by extension 'ignore'
[2.628s] Level 1:colcon.colcon_core.package_identification:_identify(log) ignored
[2.629s] Level 1:colcon.colcon_core.package_identification:_identify(src) by extensions ['ignore', 'ignore_ament_install']
[2.629s] Level 1:colcon.colcon_core.package_identification:_identify(src) by extension 'ignore'
[2.629s] Level 1:colcon.colcon_core.package_identification:_identify(src) by extension 'ignore_ament_install'
[2.629s] Level 1:colcon.colcon_core.package_identification:_identify(src) by extensions ['colcon_pkg']
[2.630s] Level 1:colcon.colcon_core.package_identification:_identify(src) by extension 'colcon_pkg'
[2.630s] Level 1:colcon.colcon_core.package_identification:_identify(src) by extensions ['colcon_meta']
[2.630s] Level 1:colcon.colcon_core.package_identification:_identify(src) by extension 'colcon_meta'
[2.630s] Level 1:colcon.colcon_core.package_identification:_identify(src) by extensions ['ros']
[2.630s] Level 1:colcon.colcon_core.package_identification:_identify(src) by extension 'ros'
[2.630s] Level 1:colcon.colcon_core.package_identification:_identify(src) by extensions ['cmake', 'python']
[2.631s] Level 1:colcon.colcon_core.package_identification:_identify(src) by extension 'cmake'
[2.631s] Level 1:colcon.colcon_core.package_identification:_identify(src) by extension 'python'
[2.631s] Level 1:colcon.colcon_core.package_identification:_identify(src) by extensions ['python_setup_py']
[2.631s] Level 1:colcon.colcon_core.package_identification:_identify(src) by extension 'python_setup_py'
[2.632s] Level 1:colcon.colcon_core.package_identification:_identify(src/hoverboard-driver-humble) by extensions ['ignore', 'ignore_ament_install']
[2.632s] Level 1:colcon.colcon_core.package_identification:_identify(src/hoverboard-driver-humble) by extension 'ignore'
[2.632s] Level 1:colcon.colcon_core.package_identification:_identify(src/hoverboard-driver-humble) by extension 'ignore_ament_install'
[2.632s] Level 1:colcon.colcon_core.package_identification:_identify(src/hoverboard-driver-humble) by extensions ['colcon_pkg']
[2.633s] Level 1:colcon.colcon_core.package_identification:_identify(src/hoverboard-driver-humble) by extension 'colcon_pkg'
[2.633s] Level 1:colcon.colcon_core.package_identification:_identify(src/hoverboard-driver-humble) by extensions ['colcon_meta']
[2.633s] Level 1:colcon.colcon_core.package_identification:_identify(src/hoverboard-driver-humble) by extension 'colcon_meta'
[2.633s] Level 1:colcon.colcon_core.package_identification:_identify(src/hoverboard-driver-humble) by extensions ['ros']
[2.633s] Level 1:colcon.colcon_core.package_identification:_identify(src/hoverboard-driver-humble) by extension 'ros'
[2.644s] DEBUG:colcon.colcon_core.package_identification:Package 'src/hoverboard-driver-humble' with type 'ros.ament_cmake' and name 'hoverboard_driver'
[2.645s] Level 1:colcon.colcon_core.package_identification:_identify(src/sllidar_ros2) by extensions ['ignore', 'ignore_ament_install']
[2.645s] Level 1:colcon.colcon_core.package_identification:_identify(src/sllidar_ros2) by extension 'ignore'
[2.645s] Level 1:colcon.colcon_core.package_identification:_identify(src/sllidar_ros2) by extension 'ignore_ament_install'
[2.646s] Level 1:colcon.colcon_core.package_identification:_identify(src/sllidar_ros2) by extensions ['colcon_pkg']
[2.646s] Level 1:colcon.colcon_core.package_identification:_identify(src/sllidar_ros2) by extension 'colcon_pkg'
[2.646s] Level 1:colcon.colcon_core.package_identification:_identify(src/sllidar_ros2) by extensions ['colcon_meta']
[2.646s] Level 1:colcon.colcon_core.package_identification:_identify(src/sllidar_ros2) by extension 'colcon_meta'
[2.646s] Level 1:colcon.colcon_core.package_identification:_identify(src/sllidar_ros2) by extensions ['ros']
[2.647s] Level 1:colcon.colcon_core.package_identification:_identify(src/sllidar_ros2) by extension 'ros'
[2.649s] DEBUG:colcon.colcon_core.package_identification:Package 'src/sllidar_ros2' with type 'ros.ament_cmake' and name 'sllidar_ros2'
[2.650s] Level 1:colcon.colcon_core.package_discovery:discover_packages(recursive) using defaults
[2.650s] Level 1:colcon.colcon_core.package_discovery:discover_packages(ignore) discover
[2.650s] Level 1:colcon.colcon_core.package_discovery:discover_packages(ignore) using defaults
[2.650s] Level 1:colcon.colcon_core.package_discovery:discover_packages(path) discover
[2.650s] Level 1:colcon.colcon_core.package_discovery:discover_packages(path) using defaults
[2.813s] Level 5:colcon.colcon_core.verb:set package 'hoverboard_driver' build argument 'cmake_args' from command line to 'None'
[2.814s] Level 5:colcon.colcon_core.verb:set package 'hoverboard_driver' build argument 'cmake_target' from command line to 'None'
[2.814s] Level 5:colcon.colcon_core.verb:set package 'hoverboard_driver' build argument 'cmake_target_skip_unavailable' from command line to 'False'
[2.814s] Level 5:colcon.colcon_core.verb:set package 'hoverboard_driver' build argument 'cmake_clean_cache' from command line to 'False'
[2.814s] Level 5:colcon.colcon_core.verb:set package 'hoverboard_driver' build argument 'cmake_clean_first' from command line to 'False'
[2.814s] Level 5:colcon.colcon_core.verb:set package 'hoverboard_driver' build argument 'cmake_force_configure' from command line to 'False'
[2.814s] Level 5:colcon.colcon_core.verb:set package 'hoverboard_driver' build argument 'ament_cmake_args' from command line to 'None'
[2.814s] Level 5:colcon.colcon_core.verb:set package 'hoverboard_driver' build argument 'catkin_cmake_args' from command line to 'None'
[2.814s] Level 5:colcon.colcon_core.verb:set package 'hoverboard_driver' build argument 'catkin_skip_building_tests' from command line to 'False'
[2.815s] DEBUG:colcon.colcon_core.verb:Building package 'hoverboard_driver' with the following arguments: {'ament_cmake_args': None, 'build_base': '/home/rasp/ros2_ws/build/hoverboard_driver', 'catkin_cmake_args': None, 'catkin_skip_building_tests': False, 'cmake_args': None, 'cmake_clean_cache': False, 'cmake_clean_first': False, 'cmake_force_configure': False, 'cmake_target': None, 'cmake_target_skip_unavailable': False, 'install_base': '/home/rasp/ros2_ws/install/hoverboard_driver', 'merge_install': False, 'path': '/home/rasp/ros2_ws/src/hoverboard-driver-humble', 'symlink_install': True, 'test_result_base': None}
[2.816s] Level 5:colcon.colcon_core.verb:set package 'sllidar_ros2' build argument 'cmake_args' from command line to 'None'
[2.817s] Level 5:colcon.colcon_core.verb:set package 'sllidar_ros2' build argument 'cmake_target' from command line to 'None'
[2.817s] Level 5:colcon.colcon_core.verb:set package 'sllidar_ros2' build argument 'cmake_target_skip_unavailable' from command line to 'False'
[2.817s] Level 5:colcon.colcon_core.verb:set package 'sllidar_ros2' build argument 'cmake_clean_cache' from command line to 'False'
[2.817s] Level 5:colcon.colcon_core.verb:set package 'sllidar_ros2' build argument 'cmake_clean_first' from command line to 'False'
[2.817s] Level 5:colcon.colcon_core.verb:set package 'sllidar_ros2' build argument 'cmake_force_configure' from command line to 'False'
[2.817s] Level 5:colcon.colcon_core.verb:set package 'sllidar_ros2' build argument 'ament_cmake_args' from command line to 'None'
[2.817s] Level 5:colcon.colcon_core.verb:set package 'sllidar_ros2' build argument 'catkin_cmake_args' from command line to 'None'
[2.817s] Level 5:colcon.colcon_core.verb:set package 'sllidar_ros2' build argument 'catkin_skip_building_tests' from command line to 'False'
[2.818s] DEBUG:colcon.colcon_core.verb:Building package 'sllidar_ros2' with the following arguments: {'ament_cmake_args': None, 'build_base': '/home/rasp/ros2_ws/build/sllidar_ros2', 'catkin_cmake_args': None, 'catkin_skip_building_tests': False, 'cmake_args': None, 'cmake_clean_cache': False, 'cmake_clean_first': False, 'cmake_force_configure': False, 'cmake_target': None, 'cmake_target_skip_unavailable': False, 'install_base': '/home/rasp/ros2_ws/install/sllidar_ros2', 'merge_install': False, 'path': '/home/rasp/ros2_ws/src/sllidar_ros2', 'symlink_install': True, 'test_result_base': None}
[2.818s] INFO:colcon.colcon_core.executor:Executing jobs using 'parallel' executor
[2.822s] DEBUG:colcon.colcon_parallel_executor.executor.parallel:run_until_complete
[2.823s] INFO:colcon.colcon_ros.task.ament_cmake.build:Building ROS package in '/home/rasp/ros2_ws/src/hoverboard-driver-humble' with build type 'ament_cmake'
[2.824s] INFO:colcon.colcon_cmake.task.cmake.build:Building CMake package in '/home/rasp/ros2_ws/src/hoverboard-driver-humble'
[2.858s] INFO:colcon.colcon_core.plugin_system:Skipping extension 'colcon_core.shell.bat': Not used on non-Windows systems
[2.859s] INFO:colcon.colcon_core.shell:Skip shell extension 'powershell' for command environment: Not usable outside of PowerShell
[2.860s] DEBUG:colcon.colcon_core.shell:Skip shell extension 'dsv' for command environment
[2.909s] INFO:colcon.colcon_ros.task.ament_cmake.build:Building ROS package in '/home/rasp/ros2_ws/src/sllidar_ros2' with build type 'ament_cmake'
[2.909s] INFO:colcon.colcon_cmake.task.cmake.build:Building CMake package in '/home/rasp/ros2_ws/src/sllidar_ros2'
[2.911s] INFO:colcon.colcon_core.shell:Skip shell extension 'powershell' for command environment: Not usable outside of PowerShell
[2.911s] DEBUG:colcon.colcon_core.shell:Skip shell extension 'dsv' for command environment
[2.963s] DEBUG:colcon.colcon_core.event_handler.log_command:Invoking command in '/home/rasp/ros2_ws/build/hoverboard_driver': CMAKE_PREFIX_PATH=${CMAKE_PREFIX_PATH}:/opt/ros/humble /usr/bin/cmake --build /home/rasp/ros2_ws/build/hoverboard_driver -- -j4 -l4
[3.010s] DEBUG:colcon.colcon_core.event_handler.log_command:Invoking command in '/home/rasp/ros2_ws/build/sllidar_ros2': CMAKE_PREFIX_PATH=${CMAKE_PREFIX_PATH}:/opt/ros/humble /usr/bin/cmake --build /home/rasp/ros2_ws/build/sllidar_ros2 -- -j4 -l4
[3.478s] DEBUG:colcon.colcon_core.event_handler.log_command:Invoked command in '/home/rasp/ros2_ws/build/hoverboard_driver' returned '0': CMAKE_PREFIX_PATH=${CMAKE_PREFIX_PATH}:/opt/ros/humble /usr/bin/cmake --build /home/rasp/ros2_ws/build/hoverboard_driver -- -j4 -l4
[3.523s] DEBUG:colcon.colcon_core.event_handler.log_command:Invoking command in '/home/rasp/ros2_ws/build/hoverboard_driver': CMAKE_PREFIX_PATH=${CMAKE_PREFIX_PATH}:/opt/ros/humble /usr/bin/cmake --install /home/rasp/ros2_ws/build/hoverboard_driver
[3.530s] DEBUG:colcon.colcon_core.event_handler.log_command:Invoked command in '/home/rasp/ros2_ws/build/sllidar_ros2' returned '0': CMAKE_PREFIX_PATH=${CMAKE_PREFIX_PATH}:/opt/ros/humble /usr/bin/cmake --build /home/rasp/ros2_ws/build/sllidar_ros2 -- -j4 -l4
[3.542s] DEBUG:colcon.colcon_core.event_handler.log_command:Invoking command in '/home/rasp/ros2_ws/build/sllidar_ros2': CMAKE_PREFIX_PATH=${CMAKE_PREFIX_PATH}:/opt/ros/humble /usr/bin/cmake --install /home/rasp/ros2_ws/build/sllidar_ros2
[3.660s] Level 1:colcon.colcon_core.environment:create_environment_scripts_only(sllidar_ros2)
[3.662s] DEBUG:colcon.colcon_core.event_handler.log_command:Invoked command in '/home/rasp/ros2_ws/build/sllidar_ros2' returned '0': CMAKE_PREFIX_PATH=${CMAKE_PREFIX_PATH}:/opt/ros/humble /usr/bin/cmake --install /home/rasp/ros2_ws/build/sllidar_ros2
[3.695s] Level 1:colcon.colcon_core.environment:checking '/home/rasp/ros2_ws/install/sllidar_ros2' for CMake module files
[3.698s] Level 1:colcon.colcon_core.environment:checking '/home/rasp/ros2_ws/install/sllidar_ros2' for CMake config files
[3.703s] Level 1:colcon.colcon_core.shell:create_environment_hook('sllidar_ros2', 'cmake_prefix_path')
[3.704s] INFO:colcon.colcon_core.shell:Creating environment hook '/home/rasp/ros2_ws/install/sllidar_ros2/share/sllidar_ros2/hook/cmake_prefix_path.ps1'
[3.707s] INFO:colcon.colcon_core.shell:Creating environment descriptor '/home/rasp/ros2_ws/install/sllidar_ros2/share/sllidar_ros2/hook/cmake_prefix_path.dsv'
[3.710s] INFO:colcon.colcon_core.shell:Creating environment hook '/home/rasp/ros2_ws/install/sllidar_ros2/share/sllidar_ros2/hook/cmake_prefix_path.sh'
[3.714s] Level 1:colcon.colcon_core.environment:checking '/home/rasp/ros2_ws/install/sllidar_ros2/lib'
[3.714s] Level 1:colcon.colcon_core.environment:checking '/home/rasp/ros2_ws/install/sllidar_ros2/bin'
[3.715s] Level 1:colcon.colcon_core.environment:checking '/home/rasp/ros2_ws/install/sllidar_ros2/lib/pkgconfig/sllidar_ros2.pc'
[3.722s] Level 1:colcon.colcon_core.environment:checking '/home/rasp/ros2_ws/install/sllidar_ros2/lib/python3.10/site-packages'
[3.723s] Level 1:colcon.colcon_core.environment:checking '/home/rasp/ros2_ws/install/sllidar_ros2/bin'
[3.725s] INFO:colcon.colcon_core.shell:Creating package script '/home/rasp/ros2_ws/install/sllidar_ros2/share/sllidar_ros2/package.ps1'
[3.729s] INFO:colcon.colcon_core.shell:Creating package descriptor '/home/rasp/ros2_ws/install/sllidar_ros2/share/sllidar_ros2/package.dsv'
[3.731s] INFO:colcon.colcon_core.shell:Creating package script '/home/rasp/ros2_ws/install/sllidar_ros2/share/sllidar_ros2/package.sh'
[3.735s] INFO:colcon.colcon_core.shell:Creating package script '/home/rasp/ros2_ws/install/sllidar_ros2/share/sllidar_ros2/package.bash'
[3.738s] INFO:colcon.colcon_core.shell:Creating package script '/home/rasp/ros2_ws/install/sllidar_ros2/share/sllidar_ros2/package.zsh'
[3.741s] Level 1:colcon.colcon_core.environment:create_file_with_runtime_dependencies(/home/rasp/ros2_ws/install/sllidar_ros2/share/colcon-core/packages/sllidar_ros2)
[3.744s] Level 1:colcon.colcon_core.environment:create_environment_scripts_only(sllidar_ros2)
[3.745s] Level 1:colcon.colcon_core.environment:checking '/home/rasp/ros2_ws/install/sllidar_ros2' for CMake module files
[3.748s] Level 1:colcon.colcon_core.environment:checking '/home/rasp/ros2_ws/install/sllidar_ros2' for CMake config files
[3.752s] Level 1:colcon.colcon_core.shell:create_environment_hook('sllidar_ros2', 'cmake_prefix_path')
[3.753s] INFO:colcon.colcon_core.shell:Creating environment hook '/home/rasp/ros2_ws/install/sllidar_ros2/share/sllidar_ros2/hook/cmake_prefix_path.ps1'
[3.755s] INFO:colcon.colcon_core.shell:Creating environment descriptor '/home/rasp/ros2_ws/install/sllidar_ros2/share/sllidar_ros2/hook/cmake_prefix_path.dsv'
[3.757s] INFO:colcon.colcon_core.shell:Creating environment hook '/home/rasp/ros2_ws/install/sllidar_ros2/share/sllidar_ros2/hook/cmake_prefix_path.sh'
[3.761s] Level 1:colcon.colcon_core.environment:checking '/home/rasp/ros2_ws/install/sllidar_ros2/lib'
[3.761s] Level 1:colcon.colcon_core.environment:checking '/home/rasp/ros2_ws/install/sllidar_ros2/bin'
[3.762s] Level 1:colcon.colcon_core.environment:checking '/home/rasp/ros2_ws/install/sllidar_ros2/lib/pkgconfig/sllidar_ros2.pc'
[3.763s] Level 1:colcon.colcon_core.environment:checking '/home/rasp/ros2_ws/install/sllidar_ros2/lib/python3.10/site-packages'
[3.764s] Level 1:colcon.colcon_core.environment:checking '/home/rasp/ros2_ws/install/sllidar_ros2/bin'
[3.765s] INFO:colcon.colcon_core.shell:Creating package script '/home/rasp/ros2_ws/install/sllidar_ros2/share/sllidar_ros2/package.ps1'
[3.770s] INFO:colcon.colcon_core.shell:Creating package descriptor '/home/rasp/ros2_ws/install/sllidar_ros2/share/sllidar_ros2/package.dsv'
[3.773s] INFO:colcon.colcon_core.shell:Creating package script '/home/rasp/ros2_ws/install/sllidar_ros2/share/sllidar_ros2/package.sh'
[3.776s] INFO:colcon.colcon_core.shell:Creating package script '/home/rasp/ros2_ws/install/sllidar_ros2/share/sllidar_ros2/package.bash'
[3.778s] INFO:colcon.colcon_core.shell:Creating package script '/home/rasp/ros2_ws/install/sllidar_ros2/share/sllidar_ros2/package.zsh'
[3.780s] Level 1:colcon.colcon_core.environment:create_file_with_runtime_dependencies(/home/rasp/ros2_ws/install/sllidar_ros2/share/colcon-core/packages/sllidar_ros2)
[3.785s] Level 1:colcon.colcon_core.environment:create_environment_scripts_only(hoverboard_driver)
[3.786s] Level 1:colcon.colcon_core.environment:checking '/home/rasp/ros2_ws/install/hoverboard_driver' for CMake module files
[3.789s] DEBUG:colcon.colcon_core.event_handler.log_command:Invoked command in '/home/rasp/ros2_ws/build/hoverboard_driver' returned '0': CMAKE_PREFIX_PATH=${CMAKE_PREFIX_PATH}:/opt/ros/humble /usr/bin/cmake --install /home/rasp/ros2_ws/build/hoverboard_driver
[3.792s] Level 1:colcon.colcon_core.environment:checking '/home/rasp/ros2_ws/install/hoverboard_driver' for CMake config files
[3.812s] Level 1:colcon.colcon_core.shell:create_environment_hook('hoverboard_driver', 'cmake_prefix_path')
[3.813s] INFO:colcon.colcon_core.shell:Creating environment hook '/home/rasp/ros2_ws/install/hoverboard_driver/share/hoverboard_driver/hook/cmake_prefix_path.ps1'
[3.816s] INFO:colcon.colcon_core.shell:Creating environment descriptor '/home/rasp/ros2_ws/install/hoverboard_driver/share/hoverboard_driver/hook/cmake_prefix_path.dsv'
[3.818s] INFO:colcon.colcon_core.shell:Creating environment hook '/home/rasp/ros2_ws/install/hoverboard_driver/share/hoverboard_driver/hook/cmake_prefix_path.sh'
[3.821s] Level 1:colcon.colcon_core.environment:checking '/home/rasp/ros2_ws/install/hoverboard_driver/lib'
[3.822s] Level 1:colcon.colcon_core.shell:create_environment_hook('hoverboard_driver', 'ld_library_path_lib')
[3.823s] INFO:colcon.colcon_core.shell:Creating environment hook '/home/rasp/ros2_ws/install/hoverboard_driver/share/hoverboard_driver/hook/ld_library_path_lib.ps1'
[3.825s] INFO:colcon.colcon_core.shell:Creating environment descriptor '/home/rasp/ros2_ws/install/hoverboard_driver/share/hoverboard_driver/hook/ld_library_path_lib.dsv'
[3.827s] INFO:colcon.colcon_core.shell:Creating environment hook '/home/rasp/ros2_ws/install/hoverboard_driver/share/hoverboard_driver/hook/ld_library_path_lib.sh'
[3.829s] Level 1:colcon.colcon_core.environment:checking '/home/rasp/ros2_ws/install/hoverboard_driver/bin'
[3.830s] Level 1:colcon.colcon_core.environment:checking '/home/rasp/ros2_ws/install/hoverboard_driver/lib/pkgconfig/hoverboard_driver.pc'
[3.831s] Level 1:colcon.colcon_core.environment:checking '/home/rasp/ros2_ws/install/hoverboard_driver/lib/python3.10/site-packages'
[3.831s] Level 1:colcon.colcon_core.environment:checking '/home/rasp/ros2_ws/install/hoverboard_driver/bin'
[3.833s] INFO:colcon.colcon_core.shell:Creating package script '/home/rasp/ros2_ws/install/hoverboard_driver/share/hoverboard_driver/package.ps1'
[3.835s] INFO:colcon.colcon_core.shell:Creating package descriptor '/home/rasp/ros2_ws/install/hoverboard_driver/share/hoverboard_driver/package.dsv'
[3.838s] INFO:colcon.colcon_core.shell:Creating package script '/home/rasp/ros2_ws/install/hoverboard_driver/share/hoverboard_driver/package.sh'
[3.840s] INFO:colcon.colcon_core.shell:Creating package script '/home/rasp/ros2_ws/install/hoverboard_driver/share/hoverboard_driver/package.bash'
[3.843s] INFO:colcon.colcon_core.shell:Creating package script '/home/rasp/ros2_ws/install/hoverboard_driver/share/hoverboard_driver/package.zsh'
[3.845s] Level 1:colcon.colcon_core.environment:create_file_with_runtime_dependencies(/home/rasp/ros2_ws/install/hoverboard_driver/share/colcon-core/packages/hoverboard_driver)
[3.847s] Level 1:colcon.colcon_core.environment:create_environment_scripts_only(hoverboard_driver)
[3.848s] Level 1:colcon.colcon_core.environment:checking '/home/rasp/ros2_ws/install/hoverboard_driver' for CMake module files
[3.852s] Level 1:colcon.colcon_core.environment:checking '/home/rasp/ros2_ws/install/hoverboard_driver' for CMake config files
[3.856s] Level 1:colcon.colcon_core.shell:create_environment_hook('hoverboard_driver', 'cmake_prefix_path')
[3.857s] INFO:colcon.colcon_core.shell:Creating environment hook '/home/rasp/ros2_ws/install/hoverboard_driver/share/hoverboard_driver/hook/cmake_prefix_path.ps1'
[3.860s] INFO:colcon.colcon_core.shell:Creating environment descriptor '/home/rasp/ros2_ws/install/hoverboard_driver/share/hoverboard_driver/hook/cmake_prefix_path.dsv'
[3.862s] INFO:colcon.colcon_core.shell:Creating environment hook '/home/rasp/ros2_ws/install/hoverboard_driver/share/hoverboard_driver/hook/cmake_prefix_path.sh'
[3.865s] Level 1:colcon.colcon_core.environment:checking '/home/rasp/ros2_ws/install/hoverboard_driver/lib'
[3.866s] Level 1:colcon.colcon_core.shell:create_environment_hook('hoverboard_driver', 'ld_library_path_lib')
[3.867s] INFO:colcon.colcon_core.shell:Creating environment hook '/home/rasp/ros2_ws/install/hoverboard_driver/share/hoverboard_driver/hook/ld_library_path_lib.ps1'
[3.872s] INFO:colcon.colcon_core.shell:Creating environment descriptor '/home/rasp/ros2_ws/install/hoverboard_driver/share/hoverboard_driver/hook/ld_library_path_lib.dsv'
[3.874s] INFO:colcon.colcon_core.shell:Creating environment hook '/home/rasp/ros2_ws/install/hoverboard_driver/share/hoverboard_driver/hook/ld_library_path_lib.sh'
[3.876s] Level 1:colcon.colcon_core.environment:checking '/home/rasp/ros2_ws/install/hoverboard_driver/bin'
[3.876s] Level 1:colcon.colcon_core.environment:checking '/home/rasp/ros2_ws/install/hoverboard_driver/lib/pkgconfig/hoverboard_driver.pc'
[3.877s] Level 1:colcon.colcon_core.environment:checking '/home/rasp/ros2_ws/install/hoverboard_driver/lib/python3.10/site-packages'
[3.878s] Level 1:colcon.colcon_core.environment:checking '/home/rasp/ros2_ws/install/hoverboard_driver/bin'
[3.879s] INFO:colcon.colcon_core.shell:Creating package script '/home/rasp/ros2_ws/install/hoverboard_driver/share/hoverboard_driver/package.ps1'
[3.883s] INFO:colcon.colcon_core.shell:Creating package descriptor '/home/rasp/ros2_ws/install/hoverboard_driver/share/hoverboard_driver/package.dsv'
[3.885s] INFO:colcon.colcon_core.shell:Creating package script '/home/rasp/ros2_ws/install/hoverboard_driver/share/hoverboard_driver/package.sh'
[3.887s] INFO:colcon.colcon_core.shell:Creating package script '/home/rasp/ros2_ws/install/hoverboard_driver/share/hoverboard_driver/package.bash'
[3.889s] INFO:colcon.colcon_core.shell:Creating package script '/home/rasp/ros2_ws/install/hoverboard_driver/share/hoverboard_driver/package.zsh'
[3.891s] Level 1:colcon.colcon_core.environment:create_file_with_runtime_dependencies(/home/rasp/ros2_ws/install/hoverboard_driver/share/colcon-core/packages/hoverboard_driver)
[3.892s] DEBUG:colcon.colcon_parallel_executor.executor.parallel:closing loop
[3.894s] DEBUG:colcon.colcon_parallel_executor.executor.parallel:loop closed
[3.894s] DEBUG:colcon.colcon_parallel_executor.executor.parallel:run_until_complete finished with '0'
[3.895s] DEBUG:colcon.colcon_core.event_reactor:joining thread
[3.918s] INFO:colcon.colcon_core.plugin_system:Skipping extension 'colcon_notification.desktop_notification.terminal_notifier': Not used on non-Darwin systems
[3.918s] INFO:colcon.colcon_core.plugin_system:Skipping extension 'colcon_notification.desktop_notification.win32': Not used on non-Windows systems
[3.918s] INFO:colcon.colcon_notification.desktop_notification:Sending desktop notification using 'notify2'
[3.972s] DEBUG:colcon.colcon_core.event_reactor:joined thread
[3.973s] INFO:colcon.colcon_core.shell:Creating prefix script '/home/rasp/ros2_ws/install/local_setup.ps1'
[3.978s] INFO:colcon.colcon_core.shell:Creating prefix util module '/home/rasp/ros2_ws/install/_local_setup_util_ps1.py'
[3.986s] INFO:colcon.colcon_core.shell:Creating prefix chain script '/home/rasp/ros2_ws/install/setup.ps1'
[3.992s] INFO:colcon.colcon_core.shell:Creating prefix script '/home/rasp/ros2_ws/install/local_setup.sh'
[3.996s] INFO:colcon.colcon_core.shell:Creating prefix util module '/home/rasp/ros2_ws/install/_local_setup_util_sh.py'
[4.000s] INFO:colcon.colcon_core.shell:Creating prefix chain script '/home/rasp/ros2_ws/install/setup.sh'
[4.006s] INFO:colcon.colcon_core.shell:Creating prefix script '/home/rasp/ros2_ws/install/local_setup.bash'
[4.009s] INFO:colcon.colcon_core.shell:Creating prefix chain script '/home/rasp/ros2_ws/install/setup.bash'
[4.014s] INFO:colcon.colcon_core.shell:Creating prefix script '/home/rasp/ros2_ws/install/local_setup.zsh'
[4.017s] INFO:colcon.colcon_core.shell:Creating prefix chain script '/home/rasp/ros2_ws/install/setup.zsh'
