[1.470s] DEBUG:colcon:Command line arguments: ['/home/rasp/.local/bin/colcon', 'build', '--symlink-install']
[1.470s] DEBUG:colcon:Parsed command line arguments: Namespace(log_base=None, log_level=None, verb_name='build', build_base='build', install_base='install', merge_install=False, symlink_install=True, test_result_base=None, continue_on_error=False, executor='parallel', parallel_workers=4, event_handlers=None, ignore_user_meta=False, metas=['./colcon.meta'], base_paths=['.'], packages_ignore=None, packages_ignore_regex=None, paths=None, packages_up_to=None, packages_up_to_regex=None, packages_above=None, packages_above_and_dependencies=None, packages_above_depth=None, packages_select_by_dep=None, packages_skip_by_dep=None, packages_skip_up_to=None, packages_select_build_failed=False, packages_skip_build_finished=False, packages_select_test_failures=False, packages_skip_test_passed=False, packages_select=None, packages_skip=None, packages_select_regex=None, packages_skip_regex=None, packages_start=None, packages_end=None, cmake_args=None, cmake_target=None, cmake_target_skip_unavailable=False, cmake_clean_cache=False, cmake_clean_first=False, cmake_force_configure=False, ament_cmake_args=None, catkin_cmake_args=None, catkin_skip_building_tests=False, verb_parser=<colcon_defaults.argument_parser.defaults.DefaultArgumentsDecorator object at 0xffffa36b6da0>, verb_extension=<colcon_core.verb.build.BuildVerb object at 0xffffa35f81f0>, main=<bound method BuildVerb.main of <colcon_core.verb.build.BuildVerb object at 0xffffa35f81f0>>)
[1.890s] Level 1:colcon.colcon_core.package_discovery:discover_packages(colcon_meta) check parameters
[1.891s] Level 1:colcon.colcon_core.package_discovery:discover_packages(recursive) check parameters
[1.891s] Level 1:colcon.colcon_core.package_discovery:discover_packages(ignore) check parameters
[1.891s] Level 1:colcon.colcon_core.package_discovery:discover_packages(path) check parameters
[1.891s] Level 1:colcon.colcon_core.package_discovery:discover_packages(colcon_meta) discover
[1.892s] Level 1:colcon.colcon_core.package_discovery:discover_packages(recursive) discover
[1.892s] INFO:colcon.colcon_core.package_discovery:Crawling recursively for packages in '/home/rasp/ros2_ws'
[1.893s] Level 1:colcon.colcon_core.package_identification:_identify(.) by extensions ['ignore', 'ignore_ament_install']
[1.893s] Level 1:colcon.colcon_core.package_identification:_identify(.) by extension 'ignore'
[1.893s] Level 1:colcon.colcon_core.package_identification:_identify(.) by extension 'ignore_ament_install'
[1.894s] Level 1:colcon.colcon_core.package_identification:_identify(.) by extensions ['colcon_pkg']
[1.894s] Level 1:colcon.colcon_core.package_identification:_identify(.) by extension 'colcon_pkg'
[1.894s] Level 1:colcon.colcon_core.package_identification:_identify(.) by extensions ['colcon_meta']
[1.894s] Level 1:colcon.colcon_core.package_identification:_identify(.) by extension 'colcon_meta'
[1.894s] Level 1:colcon.colcon_core.package_identification:_identify(.) by extensions ['ros']
[1.895s] Level 1:colcon.colcon_core.package_identification:_identify(.) by extension 'ros'
[1.922s] Level 1:colcon.colcon_core.package_identification:_identify(.) by extensions ['cmake', 'python']
[1.922s] Level 1:colcon.colcon_core.package_identification:_identify(.) by extension 'cmake'
[1.922s] Level 1:colcon.colcon_core.package_identification:_identify(.) by extension 'python'
[1.923s] Level 1:colcon.colcon_core.package_identification:_identify(.) by extensions ['python_setup_py']
[1.923s] Level 1:colcon.colcon_core.package_identification:_identify(.) by extension 'python_setup_py'
[1.923s] Level 1:colcon.colcon_core.package_identification:_identify(build) by extensions ['ignore', 'ignore_ament_install']
[1.924s] Level 1:colcon.colcon_core.package_identification:_identify(build) by extension 'ignore'
[1.924s] Level 1:colcon.colcon_core.package_identification:_identify(build) ignored
[1.925s] Level 1:colcon.colcon_core.package_identification:_identify(install) by extensions ['ignore', 'ignore_ament_install']
[1.925s] Level 1:colcon.colcon_core.package_identification:_identify(install) by extension 'ignore'
[1.925s] Level 1:colcon.colcon_core.package_identification:_identify(install) ignored
[1.926s] Level 1:colcon.colcon_core.package_identification:_identify(log) by extensions ['ignore', 'ignore_ament_install']
[1.926s] Level 1:colcon.colcon_core.package_identification:_identify(log) by extension 'ignore'
[1.926s] Level 1:colcon.colcon_core.package_identification:_identify(log) ignored
[1.926s] Level 1:colcon.colcon_core.package_identification:_identify(src) by extensions ['ignore', 'ignore_ament_install']
[1.927s] Level 1:colcon.colcon_core.package_identification:_identify(src) by extension 'ignore'
[1.927s] Level 1:colcon.colcon_core.package_identification:_identify(src) by extension 'ignore_ament_install'
[1.927s] Level 1:colcon.colcon_core.package_identification:_identify(src) by extensions ['colcon_pkg']
[1.927s] Level 1:colcon.colcon_core.package_identification:_identify(src) by extension 'colcon_pkg'
[1.927s] Level 1:colcon.colcon_core.package_identification:_identify(src) by extensions ['colcon_meta']
[1.927s] Level 1:colcon.colcon_core.package_identification:_identify(src) by extension 'colcon_meta'
[1.928s] Level 1:colcon.colcon_core.package_identification:_identify(src) by extensions ['ros']
[1.928s] Level 1:colcon.colcon_core.package_identification:_identify(src) by extension 'ros'
[1.928s] Level 1:colcon.colcon_core.package_identification:_identify(src) by extensions ['cmake', 'python']
[1.928s] Level 1:colcon.colcon_core.package_identification:_identify(src) by extension 'cmake'
[1.928s] Level 1:colcon.colcon_core.package_identification:_identify(src) by extension 'python'
[1.929s] Level 1:colcon.colcon_core.package_identification:_identify(src) by extensions ['python_setup_py']
[1.929s] Level 1:colcon.colcon_core.package_identification:_identify(src) by extension 'python_setup_py'
[1.933s] Level 1:colcon.colcon_core.package_identification:_identify(src/hoverboard-driver-humble) by extensions ['ignore', 'ignore_ament_install']
[1.934s] Level 1:colcon.colcon_core.package_identification:_identify(src/hoverboard-driver-humble) by extension 'ignore'
[1.934s] Level 1:colcon.colcon_core.package_identification:_identify(src/hoverboard-driver-humble) by extension 'ignore_ament_install'
[1.934s] Level 1:colcon.colcon_core.package_identification:_identify(src/hoverboard-driver-humble) by extensions ['colcon_pkg']
[1.934s] Level 1:colcon.colcon_core.package_identification:_identify(src/hoverboard-driver-humble) by extension 'colcon_pkg'
[1.934s] Level 1:colcon.colcon_core.package_identification:_identify(src/hoverboard-driver-humble) by extensions ['colcon_meta']
[1.935s] Level 1:colcon.colcon_core.package_identification:_identify(src/hoverboard-driver-humble) by extension 'colcon_meta'
[1.935s] Level 1:colcon.colcon_core.package_identification:_identify(src/hoverboard-driver-humble) by extensions ['ros']
[1.935s] Level 1:colcon.colcon_core.package_identification:_identify(src/hoverboard-driver-humble) by extension 'ros'
[1.956s] DEBUG:colcon.colcon_core.package_identification:Package 'src/hoverboard-driver-humble' with type 'ros.ament_cmake' and name 'hoverboard_driver'
[1.957s] Level 1:colcon.colcon_core.package_identification:_identify(src/sllidar_ros2) by extensions ['ignore', 'ignore_ament_install']
[1.957s] Level 1:colcon.colcon_core.package_identification:_identify(src/sllidar_ros2) by extension 'ignore'
[1.957s] Level 1:colcon.colcon_core.package_identification:_identify(src/sllidar_ros2) by extension 'ignore_ament_install'
[1.958s] Level 1:colcon.colcon_core.package_identification:_identify(src/sllidar_ros2) by extensions ['colcon_pkg']
[1.958s] Level 1:colcon.colcon_core.package_identification:_identify(src/sllidar_ros2) by extension 'colcon_pkg'
[1.958s] Level 1:colcon.colcon_core.package_identification:_identify(src/sllidar_ros2) by extensions ['colcon_meta']
[1.958s] Level 1:colcon.colcon_core.package_identification:_identify(src/sllidar_ros2) by extension 'colcon_meta'
[1.958s] Level 1:colcon.colcon_core.package_identification:_identify(src/sllidar_ros2) by extensions ['ros']
[1.959s] Level 1:colcon.colcon_core.package_identification:_identify(src/sllidar_ros2) by extension 'ros'
[1.962s] DEBUG:colcon.colcon_core.package_identification:Package 'src/sllidar_ros2' with type 'ros.ament_cmake' and name 'sllidar_ros2'
[1.963s] Level 1:colcon.colcon_core.package_discovery:discover_packages(recursive) using defaults
[1.963s] Level 1:colcon.colcon_core.package_discovery:discover_packages(ignore) discover
[1.963s] Level 1:colcon.colcon_core.package_discovery:discover_packages(ignore) using defaults
[1.963s] Level 1:colcon.colcon_core.package_discovery:discover_packages(path) discover
[1.963s] Level 1:colcon.colcon_core.package_discovery:discover_packages(path) using defaults
[2.126s] Level 5:colcon.colcon_core.verb:set package 'hoverboard_driver' build argument 'cmake_args' from command line to 'None'
[2.126s] Level 5:colcon.colcon_core.verb:set package 'hoverboard_driver' build argument 'cmake_target' from command line to 'None'
[2.127s] Level 5:colcon.colcon_core.verb:set package 'hoverboard_driver' build argument 'cmake_target_skip_unavailable' from command line to 'False'
[2.127s] Level 5:colcon.colcon_core.verb:set package 'hoverboard_driver' build argument 'cmake_clean_cache' from command line to 'False'
[2.127s] Level 5:colcon.colcon_core.verb:set package 'hoverboard_driver' build argument 'cmake_clean_first' from command line to 'False'
[2.127s] Level 5:colcon.colcon_core.verb:set package 'hoverboard_driver' build argument 'cmake_force_configure' from command line to 'False'
[2.127s] Level 5:colcon.colcon_core.verb:set package 'hoverboard_driver' build argument 'ament_cmake_args' from command line to 'None'
[2.127s] Level 5:colcon.colcon_core.verb:set package 'hoverboard_driver' build argument 'catkin_cmake_args' from command line to 'None'
[2.127s] Level 5:colcon.colcon_core.verb:set package 'hoverboard_driver' build argument 'catkin_skip_building_tests' from command line to 'False'
[2.128s] DEBUG:colcon.colcon_core.verb:Building package 'hoverboard_driver' with the following arguments: {'ament_cmake_args': None, 'build_base': '/home/rasp/ros2_ws/build/hoverboard_driver', 'catkin_cmake_args': None, 'catkin_skip_building_tests': False, 'cmake_args': None, 'cmake_clean_cache': False, 'cmake_clean_first': False, 'cmake_force_configure': False, 'cmake_target': None, 'cmake_target_skip_unavailable': False, 'install_base': '/home/rasp/ros2_ws/install/hoverboard_driver', 'merge_install': False, 'path': '/home/rasp/ros2_ws/src/hoverboard-driver-humble', 'symlink_install': True, 'test_result_base': None}
[2.130s] Level 5:colcon.colcon_core.verb:set package 'sllidar_ros2' build argument 'cmake_args' from command line to 'None'
[2.130s] Level 5:colcon.colcon_core.verb:set package 'sllidar_ros2' build argument 'cmake_target' from command line to 'None'
[2.130s] Level 5:colcon.colcon_core.verb:set package 'sllidar_ros2' build argument 'cmake_target_skip_unavailable' from command line to 'False'
[2.130s] Level 5:colcon.colcon_core.verb:set package 'sllidar_ros2' build argument 'cmake_clean_cache' from command line to 'False'
[2.130s] Level 5:colcon.colcon_core.verb:set package 'sllidar_ros2' build argument 'cmake_clean_first' from command line to 'False'
[2.131s] Level 5:colcon.colcon_core.verb:set package 'sllidar_ros2' build argument 'cmake_force_configure' from command line to 'False'
[2.131s] Level 5:colcon.colcon_core.verb:set package 'sllidar_ros2' build argument 'ament_cmake_args' from command line to 'None'
[2.131s] Level 5:colcon.colcon_core.verb:set package 'sllidar_ros2' build argument 'catkin_cmake_args' from command line to 'None'
[2.131s] Level 5:colcon.colcon_core.verb:set package 'sllidar_ros2' build argument 'catkin_skip_building_tests' from command line to 'False'
[2.131s] DEBUG:colcon.colcon_core.verb:Building package 'sllidar_ros2' with the following arguments: {'ament_cmake_args': None, 'build_base': '/home/rasp/ros2_ws/build/sllidar_ros2', 'catkin_cmake_args': None, 'catkin_skip_building_tests': False, 'cmake_args': None, 'cmake_clean_cache': False, 'cmake_clean_first': False, 'cmake_force_configure': False, 'cmake_target': None, 'cmake_target_skip_unavailable': False, 'install_base': '/home/rasp/ros2_ws/install/sllidar_ros2', 'merge_install': False, 'path': '/home/rasp/ros2_ws/src/sllidar_ros2', 'symlink_install': True, 'test_result_base': None}
[2.132s] INFO:colcon.colcon_core.executor:Executing jobs using 'parallel' executor
[2.135s] DEBUG:colcon.colcon_parallel_executor.executor.parallel:run_until_complete
[2.137s] INFO:colcon.colcon_ros.task.ament_cmake.build:Building ROS package in '/home/rasp/ros2_ws/src/hoverboard-driver-humble' with build type 'ament_cmake'
[2.137s] INFO:colcon.colcon_cmake.task.cmake.build:Building CMake package in '/home/rasp/ros2_ws/src/hoverboard-driver-humble'
[2.167s] INFO:colcon.colcon_core.plugin_system:Skipping extension 'colcon_core.shell.bat': Not used on non-Windows systems
[2.168s] INFO:colcon.colcon_core.shell:Skip shell extension 'powershell' for command environment: Not usable outside of PowerShell
[2.168s] DEBUG:colcon.colcon_core.shell:Skip shell extension 'dsv' for command environment
[2.210s] INFO:colcon.colcon_ros.task.ament_cmake.build:Building ROS package in '/home/rasp/ros2_ws/src/sllidar_ros2' with build type 'ament_cmake'
[2.211s] INFO:colcon.colcon_cmake.task.cmake.build:Building CMake package in '/home/rasp/ros2_ws/src/sllidar_ros2'
[2.213s] INFO:colcon.colcon_core.shell:Skip shell extension 'powershell' for command environment: Not usable outside of PowerShell
[2.213s] DEBUG:colcon.colcon_core.shell:Skip shell extension 'dsv' for command environment
[2.263s] DEBUG:colcon.colcon_core.event_handler.log_command:Invoking command in '/home/rasp/ros2_ws/build/hoverboard_driver': CMAKE_PREFIX_PATH=${CMAKE_PREFIX_PATH}:/opt/ros/humble /usr/bin/cmake /home/rasp/ros2_ws/src/hoverboard-driver-humble -DAMENT_CMAKE_SYMLINK_INSTALL=1 -DCMAKE_INSTALL_PREFIX=/home/rasp/ros2_ws/install/hoverboard_driver
[2.304s] DEBUG:colcon.colcon_core.event_handler.log_command:Invoking command in '/home/rasp/ros2_ws/build/sllidar_ros2': CMAKE_PREFIX_PATH=${CMAKE_PREFIX_PATH}:/opt/ros/humble /usr/bin/cmake /home/rasp/ros2_ws/src/sllidar_ros2 -DAMENT_CMAKE_SYMLINK_INSTALL=1 -DCMAKE_INSTALL_PREFIX=/home/rasp/ros2_ws/install/sllidar_ros2
[7.496s] DEBUG:colcon.colcon_core.event_handler.log_command:Invoked command in '/home/rasp/ros2_ws/build/hoverboard_driver' returned '0': CMAKE_PREFIX_PATH=${CMAKE_PREFIX_PATH}:/opt/ros/humble /usr/bin/cmake /home/rasp/ros2_ws/src/hoverboard-driver-humble -DAMENT_CMAKE_SYMLINK_INSTALL=1 -DCMAKE_INSTALL_PREFIX=/home/rasp/ros2_ws/install/hoverboard_driver
[7.507s] DEBUG:colcon.colcon_core.event_handler.log_command:Invoking command in '/home/rasp/ros2_ws/build/hoverboard_driver': CMAKE_PREFIX_PATH=${CMAKE_PREFIX_PATH}:/opt/ros/humble /usr/bin/cmake --build /home/rasp/ros2_ws/build/hoverboard_driver -- -j4 -l4
[8.160s] DEBUG:colcon.colcon_core.event_handler.log_command:Invoked command in '/home/rasp/ros2_ws/build/hoverboard_driver' returned '0': CMAKE_PREFIX_PATH=${CMAKE_PREFIX_PATH}:/opt/ros/humble /usr/bin/cmake --build /home/rasp/ros2_ws/build/hoverboard_driver -- -j4 -l4
[8.201s] DEBUG:colcon.colcon_core.event_handler.log_command:Invoking command in '/home/rasp/ros2_ws/build/hoverboard_driver': CMAKE_PREFIX_PATH=${CMAKE_PREFIX_PATH}:/opt/ros/humble /usr/bin/cmake --install /home/rasp/ros2_ws/build/hoverboard_driver
[9.401s] Level 1:colcon.colcon_core.environment:create_environment_scripts_only(hoverboard_driver)
[9.402s] DEBUG:colcon.colcon_core.event_handler.log_command:Invoked command in '/home/rasp/ros2_ws/build/hoverboard_driver' returned '0': CMAKE_PREFIX_PATH=${CMAKE_PREFIX_PATH}:/opt/ros/humble /usr/bin/cmake --install /home/rasp/ros2_ws/build/hoverboard_driver
[9.432s] Level 1:colcon.colcon_core.environment:checking '/home/rasp/ros2_ws/install/hoverboard_driver' for CMake module files
[9.436s] Level 1:colcon.colcon_core.environment:checking '/home/rasp/ros2_ws/install/hoverboard_driver' for CMake config files
[9.444s] Level 1:colcon.colcon_core.shell:create_environment_hook('hoverboard_driver', 'cmake_prefix_path')
[9.445s] INFO:colcon.colcon_core.shell:Creating environment hook '/home/rasp/ros2_ws/install/hoverboard_driver/share/hoverboard_driver/hook/cmake_prefix_path.ps1'
[9.450s] INFO:colcon.colcon_core.shell:Creating environment descriptor '/home/rasp/ros2_ws/install/hoverboard_driver/share/hoverboard_driver/hook/cmake_prefix_path.dsv'
[9.453s] INFO:colcon.colcon_core.shell:Creating environment hook '/home/rasp/ros2_ws/install/hoverboard_driver/share/hoverboard_driver/hook/cmake_prefix_path.sh'
[9.458s] Level 1:colcon.colcon_core.environment:checking '/home/rasp/ros2_ws/install/hoverboard_driver/lib'
[9.458s] Level 1:colcon.colcon_core.shell:create_environment_hook('hoverboard_driver', 'ld_library_path_lib')
[9.459s] INFO:colcon.colcon_core.shell:Creating environment hook '/home/rasp/ros2_ws/install/hoverboard_driver/share/hoverboard_driver/hook/ld_library_path_lib.ps1'
[9.462s] INFO:colcon.colcon_core.shell:Creating environment descriptor '/home/rasp/ros2_ws/install/hoverboard_driver/share/hoverboard_driver/hook/ld_library_path_lib.dsv'
[9.464s] INFO:colcon.colcon_core.shell:Creating environment hook '/home/rasp/ros2_ws/install/hoverboard_driver/share/hoverboard_driver/hook/ld_library_path_lib.sh'
[9.466s] Level 1:colcon.colcon_core.environment:checking '/home/rasp/ros2_ws/install/hoverboard_driver/bin'
[9.466s] Level 1:colcon.colcon_core.environment:checking '/home/rasp/ros2_ws/install/hoverboard_driver/lib/pkgconfig/hoverboard_driver.pc'
[9.474s] Level 1:colcon.colcon_core.environment:checking '/home/rasp/ros2_ws/install/hoverboard_driver/lib/python3.10/site-packages'
[9.475s] Level 1:colcon.colcon_core.environment:checking '/home/rasp/ros2_ws/install/hoverboard_driver/bin'
[9.476s] INFO:colcon.colcon_core.shell:Creating package script '/home/rasp/ros2_ws/install/hoverboard_driver/share/hoverboard_driver/package.ps1'
[9.485s] INFO:colcon.colcon_core.shell:Creating package descriptor '/home/rasp/ros2_ws/install/hoverboard_driver/share/hoverboard_driver/package.dsv'
[9.489s] INFO:colcon.colcon_core.shell:Creating package script '/home/rasp/ros2_ws/install/hoverboard_driver/share/hoverboard_driver/package.sh'
[9.494s] INFO:colcon.colcon_core.shell:Creating package script '/home/rasp/ros2_ws/install/hoverboard_driver/share/hoverboard_driver/package.bash'
[9.500s] INFO:colcon.colcon_core.shell:Creating package script '/home/rasp/ros2_ws/install/hoverboard_driver/share/hoverboard_driver/package.zsh'
[9.512s] Level 1:colcon.colcon_core.environment:create_file_with_runtime_dependencies(/home/rasp/ros2_ws/install/hoverboard_driver/share/colcon-core/packages/hoverboard_driver)
[9.516s] Level 1:colcon.colcon_core.environment:create_environment_scripts_only(hoverboard_driver)
[9.517s] Level 1:colcon.colcon_core.environment:checking '/home/rasp/ros2_ws/install/hoverboard_driver' for CMake module files
[9.521s] Level 1:colcon.colcon_core.environment:checking '/home/rasp/ros2_ws/install/hoverboard_driver' for CMake config files
[9.526s] Level 1:colcon.colcon_core.shell:create_environment_hook('hoverboard_driver', 'cmake_prefix_path')
[9.527s] INFO:colcon.colcon_core.shell:Creating environment hook '/home/rasp/ros2_ws/install/hoverboard_driver/share/hoverboard_driver/hook/cmake_prefix_path.ps1'
[9.530s] INFO:colcon.colcon_core.shell:Creating environment descriptor '/home/rasp/ros2_ws/install/hoverboard_driver/share/hoverboard_driver/hook/cmake_prefix_path.dsv'
[9.532s] INFO:colcon.colcon_core.shell:Creating environment hook '/home/rasp/ros2_ws/install/hoverboard_driver/share/hoverboard_driver/hook/cmake_prefix_path.sh'
[9.535s] Level 1:colcon.colcon_core.environment:checking '/home/rasp/ros2_ws/install/hoverboard_driver/lib'
[9.536s] Level 1:colcon.colcon_core.shell:create_environment_hook('hoverboard_driver', 'ld_library_path_lib')
[9.537s] INFO:colcon.colcon_core.shell:Creating environment hook '/home/rasp/ros2_ws/install/hoverboard_driver/share/hoverboard_driver/hook/ld_library_path_lib.ps1'
[9.539s] INFO:colcon.colcon_core.shell:Creating environment descriptor '/home/rasp/ros2_ws/install/hoverboard_driver/share/hoverboard_driver/hook/ld_library_path_lib.dsv'
[9.542s] INFO:colcon.colcon_core.shell:Creating environment hook '/home/rasp/ros2_ws/install/hoverboard_driver/share/hoverboard_driver/hook/ld_library_path_lib.sh'
[9.544s] Level 1:colcon.colcon_core.environment:checking '/home/rasp/ros2_ws/install/hoverboard_driver/bin'
[9.545s] Level 1:colcon.colcon_core.environment:checking '/home/rasp/ros2_ws/install/hoverboard_driver/lib/pkgconfig/hoverboard_driver.pc'
[9.546s] Level 1:colcon.colcon_core.environment:checking '/home/rasp/ros2_ws/install/hoverboard_driver/lib/python3.10/site-packages'
[9.547s] Level 1:colcon.colcon_core.environment:checking '/home/rasp/ros2_ws/install/hoverboard_driver/bin'
[9.548s] INFO:colcon.colcon_core.shell:Creating package script '/home/rasp/ros2_ws/install/hoverboard_driver/share/hoverboard_driver/package.ps1'
[9.551s] INFO:colcon.colcon_core.shell:Creating package descriptor '/home/rasp/ros2_ws/install/hoverboard_driver/share/hoverboard_driver/package.dsv'
[9.554s] INFO:colcon.colcon_core.shell:Creating package script '/home/rasp/ros2_ws/install/hoverboard_driver/share/hoverboard_driver/package.sh'
[9.557s] INFO:colcon.colcon_core.shell:Creating package script '/home/rasp/ros2_ws/install/hoverboard_driver/share/hoverboard_driver/package.bash'
[9.560s] INFO:colcon.colcon_core.shell:Creating package script '/home/rasp/ros2_ws/install/hoverboard_driver/share/hoverboard_driver/package.zsh'
[9.563s] Level 1:colcon.colcon_core.environment:create_file_with_runtime_dependencies(/home/rasp/ros2_ws/install/hoverboard_driver/share/colcon-core/packages/hoverboard_driver)
[12.212s] DEBUG:colcon.colcon_core.event_handler.log_command:Invoked command in '/home/rasp/ros2_ws/build/sllidar_ros2' returned '0': CMAKE_PREFIX_PATH=${CMAKE_PREFIX_PATH}:/opt/ros/humble /usr/bin/cmake /home/rasp/ros2_ws/src/sllidar_ros2 -DAMENT_CMAKE_SYMLINK_INSTALL=1 -DCMAKE_INSTALL_PREFIX=/home/rasp/ros2_ws/install/sllidar_ros2
[12.220s] DEBUG:colcon.colcon_core.event_handler.log_command:Invoking command in '/home/rasp/ros2_ws/build/sllidar_ros2': CMAKE_PREFIX_PATH=${CMAKE_PREFIX_PATH}:/opt/ros/humble /usr/bin/cmake --build /home/rasp/ros2_ws/build/sllidar_ros2 -- -j4 -l4
[79.362s] DEBUG:colcon.colcon_core.event_handler.log_command:Invoked command in '/home/rasp/ros2_ws/build/sllidar_ros2' returned '0': CMAKE_PREFIX_PATH=${CMAKE_PREFIX_PATH}:/opt/ros/humble /usr/bin/cmake --build /home/rasp/ros2_ws/build/sllidar_ros2 -- -j4 -l4
[79.395s] DEBUG:colcon.colcon_core.event_handler.log_command:Invoking command in '/home/rasp/ros2_ws/build/sllidar_ros2': CMAKE_PREFIX_PATH=${CMAKE_PREFIX_PATH}:/opt/ros/humble /usr/bin/cmake --install /home/rasp/ros2_ws/build/sllidar_ros2
[81.057s] Level 1:colcon.colcon_core.environment:create_environment_scripts_only(sllidar_ros2)
[81.067s] Level 1:colcon.colcon_core.environment:checking '/home/rasp/ros2_ws/install/sllidar_ros2' for CMake module files
[81.070s] DEBUG:colcon.colcon_core.event_handler.log_command:Invoked command in '/home/rasp/ros2_ws/build/sllidar_ros2' returned '0': CMAKE_PREFIX_PATH=${CMAKE_PREFIX_PATH}:/opt/ros/humble /usr/bin/cmake --install /home/rasp/ros2_ws/build/sllidar_ros2
[81.073s] Level 1:colcon.colcon_core.environment:checking '/home/rasp/ros2_ws/install/sllidar_ros2' for CMake config files
[81.078s] Level 1:colcon.colcon_core.shell:create_environment_hook('sllidar_ros2', 'cmake_prefix_path')
[81.081s] INFO:colcon.colcon_core.shell:Creating environment hook '/home/rasp/ros2_ws/install/sllidar_ros2/share/sllidar_ros2/hook/cmake_prefix_path.ps1'
[81.089s] INFO:colcon.colcon_core.shell:Creating environment descriptor '/home/rasp/ros2_ws/install/sllidar_ros2/share/sllidar_ros2/hook/cmake_prefix_path.dsv'
[81.091s] INFO:colcon.colcon_core.shell:Creating environment hook '/home/rasp/ros2_ws/install/sllidar_ros2/share/sllidar_ros2/hook/cmake_prefix_path.sh'
[81.096s] Level 1:colcon.colcon_core.environment:checking '/home/rasp/ros2_ws/install/sllidar_ros2/lib'
[81.097s] Level 1:colcon.colcon_core.environment:checking '/home/rasp/ros2_ws/install/sllidar_ros2/bin'
[81.098s] Level 1:colcon.colcon_core.environment:checking '/home/rasp/ros2_ws/install/sllidar_ros2/lib/pkgconfig/sllidar_ros2.pc'
[81.101s] Level 1:colcon.colcon_core.environment:checking '/home/rasp/ros2_ws/install/sllidar_ros2/lib/python3.10/site-packages'
[81.102s] Level 1:colcon.colcon_core.environment:checking '/home/rasp/ros2_ws/install/sllidar_ros2/bin'
[81.104s] INFO:colcon.colcon_core.shell:Creating package script '/home/rasp/ros2_ws/install/sllidar_ros2/share/sllidar_ros2/package.ps1'
[81.108s] INFO:colcon.colcon_core.shell:Creating package descriptor '/home/rasp/ros2_ws/install/sllidar_ros2/share/sllidar_ros2/package.dsv'
[81.111s] INFO:colcon.colcon_core.shell:Creating package script '/home/rasp/ros2_ws/install/sllidar_ros2/share/sllidar_ros2/package.sh'
[81.115s] INFO:colcon.colcon_core.shell:Creating package script '/home/rasp/ros2_ws/install/sllidar_ros2/share/sllidar_ros2/package.bash'
[81.118s] INFO:colcon.colcon_core.shell:Creating package script '/home/rasp/ros2_ws/install/sllidar_ros2/share/sllidar_ros2/package.zsh'
[81.121s] Level 1:colcon.colcon_core.environment:create_file_with_runtime_dependencies(/home/rasp/ros2_ws/install/sllidar_ros2/share/colcon-core/packages/sllidar_ros2)
[81.125s] Level 1:colcon.colcon_core.environment:create_environment_scripts_only(sllidar_ros2)
[81.127s] Level 1:colcon.colcon_core.environment:checking '/home/rasp/ros2_ws/install/sllidar_ros2' for CMake module files
[81.130s] Level 1:colcon.colcon_core.environment:checking '/home/rasp/ros2_ws/install/sllidar_ros2' for CMake config files
[81.134s] Level 1:colcon.colcon_core.shell:create_environment_hook('sllidar_ros2', 'cmake_prefix_path')
[81.135s] INFO:colcon.colcon_core.shell:Creating environment hook '/home/rasp/ros2_ws/install/sllidar_ros2/share/sllidar_ros2/hook/cmake_prefix_path.ps1'
[81.137s] INFO:colcon.colcon_core.shell:Creating environment descriptor '/home/rasp/ros2_ws/install/sllidar_ros2/share/sllidar_ros2/hook/cmake_prefix_path.dsv'
[81.139s] INFO:colcon.colcon_core.shell:Creating environment hook '/home/rasp/ros2_ws/install/sllidar_ros2/share/sllidar_ros2/hook/cmake_prefix_path.sh'
[81.146s] Level 1:colcon.colcon_core.environment:checking '/home/rasp/ros2_ws/install/sllidar_ros2/lib'
[81.146s] Level 1:colcon.colcon_core.environment:checking '/home/rasp/ros2_ws/install/sllidar_ros2/bin'
[81.146s] Level 1:colcon.colcon_core.environment:checking '/home/rasp/ros2_ws/install/sllidar_ros2/lib/pkgconfig/sllidar_ros2.pc'
[81.147s] Level 1:colcon.colcon_core.environment:checking '/home/rasp/ros2_ws/install/sllidar_ros2/lib/python3.10/site-packages'
[81.148s] Level 1:colcon.colcon_core.environment:checking '/home/rasp/ros2_ws/install/sllidar_ros2/bin'
[81.149s] INFO:colcon.colcon_core.shell:Creating package script '/home/rasp/ros2_ws/install/sllidar_ros2/share/sllidar_ros2/package.ps1'
[81.152s] INFO:colcon.colcon_core.shell:Creating package descriptor '/home/rasp/ros2_ws/install/sllidar_ros2/share/sllidar_ros2/package.dsv'
[81.154s] INFO:colcon.colcon_core.shell:Creating package script '/home/rasp/ros2_ws/install/sllidar_ros2/share/sllidar_ros2/package.sh'
[81.157s] INFO:colcon.colcon_core.shell:Creating package script '/home/rasp/ros2_ws/install/sllidar_ros2/share/sllidar_ros2/package.bash'
[81.159s] INFO:colcon.colcon_core.shell:Creating package script '/home/rasp/ros2_ws/install/sllidar_ros2/share/sllidar_ros2/package.zsh'
[81.161s] Level 1:colcon.colcon_core.environment:create_file_with_runtime_dependencies(/home/rasp/ros2_ws/install/sllidar_ros2/share/colcon-core/packages/sllidar_ros2)
[81.164s] DEBUG:colcon.colcon_parallel_executor.executor.parallel:closing loop
[81.166s] DEBUG:colcon.colcon_parallel_executor.executor.parallel:loop closed
[81.167s] DEBUG:colcon.colcon_parallel_executor.executor.parallel:run_until_complete finished with '0'
[81.168s] DEBUG:colcon.colcon_core.event_reactor:joining thread
[81.278s] INFO:colcon.colcon_core.plugin_system:Skipping extension 'colcon_notification.desktop_notification.terminal_notifier': Not used on non-Darwin systems
[81.278s] INFO:colcon.colcon_core.plugin_system:Skipping extension 'colcon_notification.desktop_notification.win32': Not used on non-Windows systems
[81.279s] INFO:colcon.colcon_notification.desktop_notification:Sending desktop notification using 'notify2'
[81.397s] DEBUG:colcon.colcon_core.event_reactor:joined thread
[81.402s] INFO:colcon.colcon_core.shell:Creating prefix script '/home/rasp/ros2_ws/install/local_setup.ps1'
[81.414s] INFO:colcon.colcon_core.shell:Creating prefix util module '/home/rasp/ros2_ws/install/_local_setup_util_ps1.py'
[81.426s] INFO:colcon.colcon_core.shell:Creating prefix chain script '/home/rasp/ros2_ws/install/setup.ps1'
[81.441s] INFO:colcon.colcon_core.shell:Creating prefix script '/home/rasp/ros2_ws/install/local_setup.sh'
[81.447s] INFO:colcon.colcon_core.shell:Creating prefix util module '/home/rasp/ros2_ws/install/_local_setup_util_sh.py'
[81.451s] INFO:colcon.colcon_core.shell:Creating prefix chain script '/home/rasp/ros2_ws/install/setup.sh'
[81.460s] INFO:colcon.colcon_core.shell:Creating prefix script '/home/rasp/ros2_ws/install/local_setup.bash'
[81.463s] INFO:colcon.colcon_core.shell:Creating prefix chain script '/home/rasp/ros2_ws/install/setup.bash'
[81.471s] INFO:colcon.colcon_core.shell:Creating prefix script '/home/rasp/ros2_ws/install/local_setup.zsh'
[81.475s] INFO:colcon.colcon_core.shell:Creating prefix chain script '/home/rasp/ros2_ws/install/setup.zsh'
