[0.118s] Invoking command in '/home/rasp/ros2_ws/build/hoverboard_driver': CMAKE_PREFIX_PATH=${CMAKE_PREFIX_PATH}:/opt/ros/humble /usr/bin/cmake --build /home/rasp/ros2_ws/build/hoverboard_driver -- -j4 -l4
[0.455s] [100%] Built target hoverboard_driver
[0.508s] Invoked command in '/home/rasp/ros2_ws/build/hoverboard_driver' returned '0': CMAKE_PREFIX_PATH=${CMAKE_PREFIX_PATH}:/opt/ros/humble /usr/bin/cmake --build /home/rasp/ros2_ws/build/hoverboard_driver -- -j4 -l4
[0.561s] Invoking command in '/home/rasp/ros2_ws/build/hoverboard_driver': CMAKE_PREFIX_PATH=${CMAKE_PREFIX_PATH}:/opt/ros/humble /usr/bin/cmake --install /home/rasp/ros2_ws/build/hoverboard_driver
[0.593s] -- Install configuration: ""
[0.595s] -- Execute custom install script
[0.597s] -- Up-to-date symlink: /home/rasp/ros2_ws/install/hoverboard_driver/share/hoverboard_driver//hoverboard_driver.xml
[0.600s] -- Up-to-date symlink: /home/rasp/ros2_ws/install/hoverboard_driver/include/hoverboard_driver/hoverboard_driver/config.hpp
[0.601s] -- Up-to-date symlink: /home/rasp/ros2_ws/install/hoverboard_driver/include/hoverboard_driver/hoverboard_driver/hoverboard_driver.hpp
[0.603s] -- Up-to-date symlink: /home/rasp/ros2_ws/install/hoverboard_driver/include/hoverboard_driver/hoverboard_driver/pid.hpp
[0.604s] -- Up-to-date symlink: /home/rasp/ros2_ws/install/hoverboard_driver/include/hoverboard_driver/hoverboard_driver/protocol.hpp
[0.606s] -- Up-to-date symlink: /home/rasp/ros2_ws/install/hoverboard_driver/share/hoverboard_driver/launch/view_robot.launch.py
[0.609s] -- Up-to-date symlink: /home/rasp/ros2_ws/install/hoverboard_driver/share/hoverboard_driver/ros2_control/hoverboard_driver.ros2_control.xacro
[0.612s] -- Up-to-date symlink: /home/rasp/ros2_ws/install/hoverboard_driver/share/hoverboard_driver/urdf/diffbot.materials.xacro
[0.613s] -- Up-to-date symlink: /home/rasp/ros2_ws/install/hoverboard_driver/share/hoverboard_driver/urdf/diffbot.urdf.xacro
[0.614s] -- Up-to-date symlink: /home/rasp/ros2_ws/install/hoverboard_driver/share/hoverboard_driver/urdf/diffbot_description.urdf.xacro
[0.616s] -- Up-to-date symlink: /home/rasp/ros2_ws/install/hoverboard_driver/share/hoverboard_driver/launch/diffbot.launch.py
[0.618s] -- Up-to-date symlink: /home/rasp/ros2_ws/install/hoverboard_driver/share/hoverboard_driver/config/hoverboard_controllers.yaml
[0.621s] -- Up-to-date symlink: /home/rasp/ros2_ws/install/hoverboard_driver/share/hoverboard_driver/environment/library_path.sh
[0.622s] -- Up-to-date symlink: /home/rasp/ros2_ws/install/hoverboard_driver/share/hoverboard_driver/environment/library_path.dsv
[0.625s] -- Up-to-date symlink: /home/rasp/ros2_ws/install/hoverboard_driver/share/ament_index/resource_index/package_run_dependencies/hoverboard_driver
[0.640s] -- Up-to-date symlink: /home/rasp/ros2_ws/install/hoverboard_driver/share/ament_index/resource_index/parent_prefix_path/hoverboard_driver
[0.646s] -- Up-to-date symlink: /home/rasp/ros2_ws/install/hoverboard_driver/share/hoverboard_driver/environment/ament_prefix_path.sh
[0.655s] -- Up-to-date symlink: /home/rasp/ros2_ws/install/hoverboard_driver/share/hoverboard_driver/environment/ament_prefix_path.dsv
[0.655s] -- Up-to-date symlink: /home/rasp/ros2_ws/install/hoverboard_driver/share/hoverboard_driver/environment/path.sh
[0.656s] -- Up-to-date symlink: /home/rasp/ros2_ws/install/hoverboard_driver/share/hoverboard_driver/environment/path.dsv
[0.657s] -- Up-to-date symlink: /home/rasp/ros2_ws/install/hoverboard_driver/share/hoverboard_driver/local_setup.bash
[0.660s] -- Up-to-date symlink: /home/rasp/ros2_ws/install/hoverboard_driver/share/hoverboard_driver/local_setup.sh
[0.661s] -- Up-to-date symlink: /home/rasp/ros2_ws/install/hoverboard_driver/share/hoverboard_driver/local_setup.zsh
[0.662s] -- Up-to-date symlink: /home/rasp/ros2_ws/install/hoverboard_driver/share/hoverboard_driver/local_setup.dsv
[0.664s] -- Symlinking: /home/rasp/ros2_ws/install/hoverboard_driver/share/hoverboard_driver/package.dsv
[0.693s] -- Up-to-date symlink: /home/rasp/ros2_ws/install/hoverboard_driver/share/ament_index/resource_index/packages/hoverboard_driver
[0.695s] -- Up-to-date symlink: /home/rasp/ros2_ws/install/hoverboard_driver/share/ament_index/resource_index/hardware_interface__pluginlib__plugin/hoverboard_driver
[0.696s] -- Up-to-date symlink: /home/rasp/ros2_ws/install/hoverboard_driver/share/hoverboard_driver/cmake/ament_cmake_export_targets-extras.cmake
[0.698s] -- Up-to-date symlink: /home/rasp/ros2_ws/install/hoverboard_driver/share/hoverboard_driver/cmake/ament_cmake_export_dependencies-extras.cmake
[0.700s] -- Up-to-date symlink: /home/rasp/ros2_ws/install/hoverboard_driver/share/hoverboard_driver/cmake/hoverboard_driverConfig.cmake
[0.701s] -- Up-to-date symlink: /home/rasp/ros2_ws/install/hoverboard_driver/share/hoverboard_driver/cmake/hoverboard_driverConfig-version.cmake
[0.703s] -- Up-to-date symlink: /home/rasp/ros2_ws/install/hoverboard_driver/share/hoverboard_driver/package.xml
[0.706s] -- Up-to-date: /home/rasp/ros2_ws/install/hoverboard_driver/lib/libhoverboard_driver.so
[0.709s] -- Up-to-date: /home/rasp/ros2_ws/install/hoverboard_driver/share/hoverboard_driver/cmake/export_hoverboard_driverExport.cmake
[0.711s] -- Up-to-date: /home/rasp/ros2_ws/install/hoverboard_driver/share/hoverboard_driver/cmake/export_hoverboard_driverExport-noconfig.cmake
[0.718s] Invoked command in '/home/rasp/ros2_ws/build/hoverboard_driver' returned '0': CMAKE_PREFIX_PATH=${CMAKE_PREFIX_PATH}:/opt/ros/humble /usr/bin/cmake --install /home/rasp/ros2_ws/build/hoverboard_driver
